Copyright 1986-2018 Xilinx, Inc. All Rights Reserved.
------------------------------------------------------------------------------------------------------------------------------
| Tool Version     : Vivado v.2018.3_(AR71898_AR71948) (win64) Build 2405991 Thu Dec  6 23:38:27 MST 2018
| Date             : Tue Dec 12 15:17:23 2023
| Host             : TELOPS336 running 64-bit major release  (build 9200)
| Command          : report_power -file d:/Telops/fir-00251-Proc/Reports/startup/fir_00251_proc_325_startup_power.rpt
| Design           : fir_00251_proc_startup
| Device           : xc7k325tfbg676-1
| Design State     : routed
| Grade            : industrial
| Process          : typical
| Characterization : Production
------------------------------------------------------------------------------------------------------------------------------

Power Report

Table of Contents
-----------------
1. Summary
1.1 On-Chip Components
1.2 Power Supply Summary
1.3 Confidence Level
2. Settings
2.1 Environment
2.2 Clock Constraints
3. Detailed Reports
3.1 By Hierarchy

1. Summary
----------

+--------------------------+--------------+
| Total On-Chip Power (W)  | 5.092        |
| Design Power Budget (W)  | Unspecified* |
| Power Budget Margin (W)  | NA           |
| Dynamic (W)              | 4.869        |
| Device Static (W)        | 0.223        |
| Effective TJA (C/W)      | 1.9          |
| Max Ambient (C)          | 90.5         |
| Junction Temperature (C) | 34.5         |
| Confidence Level         | Low          |
| Setting File             | ---          |
| Simulation Activity File | ---          |
| Design Nets Matched      | NA           |
+--------------------------+--------------+
* Specify Design Power Budget using, set_operating_conditions -design_power_budget <value in Watts>


1.1 On-Chip Components
----------------------

+--------------------------+-----------+----------+-----------+-----------------+
| On-Chip                  | Power (W) | Used     | Available | Utilization (%) |
+--------------------------+-----------+----------+-----------+-----------------+
| Clocks                   |     0.543 |       85 |       --- |             --- |
| Slice Logic              |     0.197 |   232014 |       --- |             --- |
|   LUT as Logic           |     0.153 |    69860 |    203800 |           34.28 |
|   Register               |     0.020 |   114410 |    407600 |           28.07 |
|   CARRY4                 |     0.017 |     4668 |     50950 |            9.16 |
|   LUT as Shift Register  |     0.005 |     4169 |     64000 |            6.51 |
|   LUT as Distributed RAM |     0.002 |     2428 |     64000 |            3.79 |
|   F7/F8 Muxes            |    <0.001 |      472 |    203800 |            0.23 |
|   Others                 |    <0.001 |    15610 |       --- |             --- |
|   BUFR                   |     0.000 |        1 |       208 |            0.48 |
| Signals                  |     0.250 |   173768 |       --- |             --- |
| Block RAM                |     0.218 |      270 |       445 |           60.67 |
| MMCM                     |     0.628 |        8 |        10 |           80.00 |
| PLL                      |     0.185 |        2 |        10 |           20.00 |
| DSPs                     |     0.075 |      101 |       840 |           12.02 |
| I/O                      |     1.174 |      333 |       400 |           83.25 |
| GTX                      |     1.212 |        4 |         8 |           50.00 |
| PHASER                   |     0.385 |       40 |       --- |             --- |
| XADC                     |     0.002 |        1 |       --- |             --- |
| Static Power             |     0.223 |          |           |                 |
| Total                    |     5.092 |          |           |                 |
+--------------------------+-----------+----------+-----------+-----------------+


1.2 Power Supply Summary
------------------------

+-----------+-------------+-----------+-------------+------------+
| Source    | Voltage (V) | Total (A) | Dynamic (A) | Static (A) |
+-----------+-------------+-----------+-------------+------------+
| Vccint    |       1.000 |     1.620 |       1.514 |      0.106 |
| Vccaux    |       1.800 |     0.899 |       0.869 |      0.030 |
| Vcco33    |       3.300 |     0.004 |       0.003 |      0.001 |
| Vcco25    |       2.500 |     0.026 |       0.025 |      0.001 |
| Vcco18    |       1.800 |     0.000 |       0.000 |      0.000 |
| Vcco15    |       1.500 |     0.407 |       0.406 |      0.001 |
| Vcco135   |       1.350 |     0.000 |       0.000 |      0.000 |
| Vcco12    |       1.200 |     0.000 |       0.000 |      0.000 |
| Vccaux_io |       1.800 |     0.000 |       0.000 |      0.000 |
| Vccbram   |       1.000 |     0.019 |       0.010 |      0.008 |
| MGTAVcc   |       1.000 |     0.685 |       0.678 |      0.006 |
| MGTAVtt   |       1.200 |     0.355 |       0.350 |      0.005 |
| MGTVccaux |       1.800 |     0.000 |       0.000 |      0.000 |
| Vccadc    |       1.800 |     0.021 |       0.001 |      0.020 |
+-----------+-------------+-----------+-------------+------------+


1.3 Confidence Level
--------------------

+-----------------------------+------------+--------------------------------------------------------+------------------------------------------------------------------------------------------------------------+
| User Input Data             | Confidence | Details                                                | Action                                                                                                     |
+-----------------------------+------------+--------------------------------------------------------+------------------------------------------------------------------------------------------------------------+
| Design implementation state | High       | Design is routed                                       |                                                                                                            |
| Clock nodes activity        | High       | User specified more than 95% of clocks                 |                                                                                                            |
| I/O nodes activity          | Low        | More than 75% of inputs are missing user specification | Provide missing input activity with simulation results or by editing the "By Resource Type -> I/Os" view   |
| Internal nodes activity     | Medium     | User specified less than 25% of internal nodes         | Provide missing internal nodes activity with simulation results or by editing the "By Resource Type" views |
| Device models               | High       | Device models are Production                           |                                                                                                            |
|                             |            |                                                        |                                                                                                            |
| Overall confidence level    | Low        |                                                        |                                                                                                            |
+-----------------------------+------------+--------------------------------------------------------+------------------------------------------------------------------------------------------------------------+


2. Settings
-----------

2.1 Environment
---------------

+-----------------------+--------------------------+
| Ambient Temp (C)      | 25.0                     |
| ThetaJA (C/W)         | 1.9                      |
| Airflow (LFM)         | 250                      |
| Heat Sink             | medium (Medium Profile)  |
| ThetaSA (C/W)         | 3.4                      |
| Board Selection       | medium (10"x10")         |
| # of Board Layers     | 12to15 (12 to 15 Layers) |
| Board Temperature (C) | 25.0                     |
+-----------------------+--------------------------+


2.2 Clock Constraints
---------------------

+-------------------------------------------------------------------------------------------------------------------------------------------------------------+------------------------------------------------------------------------------------------------------------------------------------------------------------------------------------------------------------------------------------------------------------------+-----------------+
| Clock                                                                                                                                                       | Domain                                                                                                                                                                                                                                                           | Constraint (ns) |
+-------------------------------------------------------------------------------------------------------------------------------------------------------------+------------------------------------------------------------------------------------------------------------------------------------------------------------------------------------------------------------------------------------------------------------------+-----------------+
| CH0_CLK                                                                                                                                                     | CH0_CLK_P                                                                                                                                                                                                                                                        |           100.0 |
| CH0_CLK                                                                                                                                                     | U1/U1/CH0/ext_clk_in                                                                                                                                                                                                                                             |           100.0 |
| CH3_CLK                                                                                                                                                     | CH3_CLK_P                                                                                                                                                                                                                                                        |           100.0 |
| CH3_CLK                                                                                                                                                     | U1/U1/CH3/ext_clk_in                                                                                                                                                                                                                                             |           100.0 |
| MGT_CLK_0                                                                                                                                                   | AURORA_CLK_P0                                                                                                                                                                                                                                                    |             8.0 |
| MIG_CAL_UI_CLK                                                                                                                                              | U1/ACQ/BD/MIG_2DDR.core_wrapper_i/core_i/MIG_Calibration/CAL_DDR_MIG/u_core_CAL_DDR_MIG_0_mig/u_ddr3_infrastructure/clk_pll_i                                                                                                                                    |            10.0 |
| SYS_CLK_P0                                                                                                                                                  | SYS_CLK_P0                                                                                                                                                                                                                                                       |             5.0 |
| SYS_CLK_P1                                                                                                                                                  | SYS_CLK_P1                                                                                                                                                                                                                                                       |             5.0 |
| U1/ACQ/BD/MIG_2DDR.core_wrapper_i/core_i/MCU/mdm_1/U0/Use_E2.BSCAN_I/Use_E2.BSCANE2_I/DRCK                                                                  | U1/ACQ/BD/MIG_2DDR.core_wrapper_i/core_i/MCU/mdm_1/U0/Use_E2.BSCAN_I/DRCK                                                                                                                                                                                        |            33.3 |
| U1/ACQ/BD/MIG_2DDR.core_wrapper_i/core_i/MCU/mdm_1/U0/Use_E2.BSCAN_I/Use_E2.BSCANE2_I/UPDATE                                                                | U1/ACQ/BD/MIG_2DDR.core_wrapper_i/core_i/MCU/mdm_1/U0/Use_E2.BSCAN_I/Ext_JTAG_UPDATE                                                                                                                                                                             |            33.3 |
| U1/ACQ/MGT/MGTS/DATA/inst/data_mgt_wrapper_i/data_mgt_multi_gt_i/data_mgt_gtx_inst/gtxe2_i/RXOUTCLK                                                         | U1/ACQ/MGT/MGTS/DATA/inst/data_mgt_wrapper_i/data_mgt_multi_gt_i/data_mgt_gtx_inst/rxrecclk_from_gtx_i                                                                                                                                                           |             5.1 |
| U1/ACQ/MGT/MGTS/DATA/inst/data_mgt_wrapper_i/data_mgt_multi_gt_i/data_mgt_gtx_inst/gtxe2_i/TXOUTCLK                                                         | U1/ACQ/MGT/MGTS/DATA/inst/data_mgt_wrapper_i/data_mgt_multi_gt_i/data_mgt_gtx_inst/tx_out_clk                                                                                                                                                                    |             5.1 |
| U1/ACQ/MGT/MGTS/EXP/inst/exp_mgt_wrapper_i/exp_mgt_multi_gt_i/exp_mgt_gtx_inst/gtxe2_i/RXOUTCLK                                                             | U1/ACQ/MGT/MGTS/EXP/inst/exp_mgt_wrapper_i/exp_mgt_multi_gt_i/exp_mgt_gtx_inst/rxrecclk_from_gtx_i                                                                                                                                                               |             5.1 |
| U1/ACQ/MGT/MGTS/gen_mgt_2ch.VIDEO/inst/video_mgt_wrapper_i/video_mgt_multi_gt_i/video_mgt_gtx_inst/gtxe2_i/RXOUTCLK                                         | U1/ACQ/MGT/MGTS/gen_mgt_2ch.VIDEO/inst/video_mgt_wrapper_i/video_mgt_multi_gt_i/video_mgt_gtx_inst/rxrecclk_from_gtx_i                                                                                                                                           |             5.1 |
| adc_clk_source_isc0207A_5_0_MHz_mmcm                                                                                                                        | U1/U3/U26/U2/U2/inst/adc_clk_source_isc0207A_5_0_MHz_mmcm                                                                                                                                                                                                        |            25.0 |
| clk_200                                                                                                                                                     | U1/ACQ/BD/MIG_2DDR.core_wrapper_i/core_i/MIG_Code/mig_7series_0/u_core_mig_7series_0_0_mig/u_ddr3_infrastructure/mmcm_clkout0                                                                                                                                    |             5.0 |
| clk_cal                                                                                                                                                     | U1/ACQ/BD/MIG_2DDR.core_wrapper_i/core_i/clk_wiz_1/inst/clk_out1_core_clk_wiz_1_0                                                                                                                                                                                |             5.9 |
| clk_data                                                                                                                                                    | U1/ACQ/BD/MIG_2DDR.core_wrapper_i/core_i/clk_wiz_1/inst/clk_out2_core_clk_wiz_1_0                                                                                                                                                                                |            11.8 |
| clk_irig                                                                                                                                                    | U1/ACQ/BD/MIG_2DDR.core_wrapper_i/core_i/MIG_Code/mig_7series_0/u_core_mig_7series_0_0_mig/u_ddr3_infrastructure/mmcm_clkout2                                                                                                                                    |            50.0 |
| clk_mb                                                                                                                                                      | U1/ACQ/BD/MIG_2DDR.core_wrapper_i/core_i/MIG_Code/mig_7series_0/u_core_mig_7series_0_0_mig/u_ddr3_infrastructure/clk_pll_i                                                                                                                                       |            10.0 |
| clk_mgt_init                                                                                                                                                | U1/ACQ/BD/MIG_2DDR.core_wrapper_i/core_i/MIG_Code/mig_7series_0/u_core_mig_7series_0_0_mig/u_ddr3_infrastructure/mmcm_clkout1                                                                                                                                    |            20.0 |
| clk_out_mult7_serdes_clkin_10_0_MHz_mmcm                                                                                                                    | U1/U1/CH0/master_gen.U14/Gen_10_0M.Ux/inst/clk_out_mult7_serdes_clkin_10_0_MHz_mmcm                                                                                                                                                                              |            14.3 |
| clk_out_mult7_serdes_clkin_10_0_MHz_mmcm_1                                                                                                                  | U1/U1/CH3/master_gen.U14/Gen_10_0M.Ux/inst/clk_out_mult7_serdes_clkin_10_0_MHz_mmcm                                                                                                                                                                              |            14.3 |
| clk_out_serdes_clkin_10_0_MHz_mmcm                                                                                                                          | U1/U1/CH0/master_gen.U14/Gen_10_0M.Ux/inst/clk_out_serdes_clkin_10_0_MHz_mmcm                                                                                                                                                                                    |           100.0 |
| clk_out_serdes_clkin_10_0_MHz_mmcm_1                                                                                                                        | U1/U1/CH3/master_gen.U14/Gen_10_0M.Ux/inst/clk_out_serdes_clkin_10_0_MHz_mmcm                                                                                                                                                                                    |           100.0 |
| clkfbout                                                                                                                                                    | U1/ACQ/MGT/MGTS/DATA_CLOCK/U1/clkfbout                                                                                                                                                                                                                           |             5.1 |
| clkfbout_core_clk_wiz_1_0                                                                                                                                   | U1/ACQ/BD/MIG_2DDR.core_wrapper_i/core_i/clk_wiz_1/inst/clkfbout_core_clk_wiz_1_0                                                                                                                                                                                |            50.0 |
| clkfbout_isc0207A_5_0_MHz_mmcm                                                                                                                              | U1/U3/U26/U2/U2/inst/clkfbout_isc0207A_5_0_MHz_mmcm                                                                                                                                                                                                              |            10.0 |
| clkfbout_serdes_clkin_10_0_MHz_mmcm                                                                                                                         | U1/U1/CH0/master_gen.U14/Gen_10_0M.Ux/inst/clkfbout_serdes_clkin_10_0_MHz_mmcm                                                                                                                                                                                   |           100.0 |
| clkfbout_serdes_clkin_10_0_MHz_mmcm_1                                                                                                                       | U1/U1/CH3/master_gen.U14/Gen_10_0M.Ux/inst/clkfbout_serdes_clkin_10_0_MHz_mmcm                                                                                                                                                                                   |           100.0 |
| clkfbout_usart_mmcm                                                                                                                                         | U1/ACQ/BULK_USART/U11/inst/clkfbout_usart_mmcm                                                                                                                                                                                                                   |            60.0 |
| freq_refclk                                                                                                                                                 | U1/ACQ/BD/MIG_2DDR.core_wrapper_i/core_i/MIG_Calibration/CAL_DDR_MIG/u_core_CAL_DDR_MIG_0_mig/u_ddr3_infrastructure/freq_refclk                                                                                                                                  |             1.2 |
| freq_refclk_1                                                                                                                                               | U1/ACQ/BD/MIG_2DDR.core_wrapper_i/core_i/MIG_Code/mig_7series_0/u_core_mig_7series_0_0_mig/u_ddr3_infrastructure/freq_refclk                                                                                                                                     |             1.3 |
| iserdes_clkdiv                                                                                                                                              | U1/ACQ/BD/MIG_2DDR.core_wrapper_i/core_i/MIG_Calibration/CAL_DDR_MIG/u_core_CAL_DDR_MIG_0_mig/u_memc_ui_top_axi/mem_intfc0/ddr_phy_top0/u_ddr_mc_phy_wrapper/u_ddr_mc_phy/ddr_phy_4lanes_0.u_ddr_phy_4lanes/ddr_byte_lane_A.ddr_byte_lane_A/iserdes_clkdiv       |            10.0 |
| iserdes_clkdiv_1                                                                                                                                            | U1/ACQ/BD/MIG_2DDR.core_wrapper_i/core_i/MIG_Calibration/CAL_DDR_MIG/u_core_CAL_DDR_MIG_0_mig/u_memc_ui_top_axi/mem_intfc0/ddr_phy_top0/u_ddr_mc_phy_wrapper/u_ddr_mc_phy/ddr_phy_4lanes_0.u_ddr_phy_4lanes/ddr_byte_lane_B.ddr_byte_lane_B/iserdes_clkdiv       |            10.0 |
| iserdes_clkdiv_2                                                                                                                                            | U1/ACQ/BD/MIG_2DDR.core_wrapper_i/core_i/MIG_Calibration/CAL_DDR_MIG/u_core_CAL_DDR_MIG_0_mig/u_memc_ui_top_axi/mem_intfc0/ddr_phy_top0/u_ddr_mc_phy_wrapper/u_ddr_mc_phy/ddr_phy_4lanes_0.u_ddr_phy_4lanes/ddr_byte_lane_C.ddr_byte_lane_C/iserdes_clkdiv       |            10.0 |
| iserdes_clkdiv_3                                                                                                                                            | U1/ACQ/BD/MIG_2DDR.core_wrapper_i/core_i/MIG_Calibration/CAL_DDR_MIG/u_core_CAL_DDR_MIG_0_mig/u_memc_ui_top_axi/mem_intfc0/ddr_phy_top0/u_ddr_mc_phy_wrapper/u_ddr_mc_phy/ddr_phy_4lanes_0.u_ddr_phy_4lanes/ddr_byte_lane_D.ddr_byte_lane_D/iserdes_clkdiv       |            10.0 |
| iserdes_clkdiv_4                                                                                                                                            | U1/ACQ/BD/MIG_2DDR.core_wrapper_i/core_i/MIG_Code/mig_7series_0/u_core_mig_7series_0_0_mig/u_memc_ui_top_axi/mem_intfc0/ddr_phy_top0/u_ddr_mc_phy_wrapper/u_ddr_mc_phy/ddr_phy_4lanes_0.u_ddr_phy_4lanes/ddr_byte_lane_A.ddr_byte_lane_A/iserdes_clkdiv          |            10.0 |
| iserdes_clkdiv_5                                                                                                                                            | U1/ACQ/BD/MIG_2DDR.core_wrapper_i/core_i/MIG_Code/mig_7series_0/u_core_mig_7series_0_0_mig/u_memc_ui_top_axi/mem_intfc0/ddr_phy_top0/u_ddr_mc_phy_wrapper/u_ddr_mc_phy/ddr_phy_4lanes_0.u_ddr_phy_4lanes/ddr_byte_lane_D.ddr_byte_lane_D/iserdes_clkdiv          |            10.0 |
| mclk_source_isc0207A_5_0_MHz_mmcm                                                                                                                           | U1/U3/U26/U2/U2/inst/mclk_source_isc0207A_5_0_MHz_mmcm                                                                                                                                                                                                           |            25.0 |
| mem_refclk                                                                                                                                                  | U1/ACQ/BD/MIG_2DDR.core_wrapper_i/core_i/MIG_Calibration/CAL_DDR_MIG/u_core_CAL_DDR_MIG_0_mig/u_ddr3_infrastructure/mem_refclk                                                                                                                                   |             2.5 |
| mem_refclk_1                                                                                                                                                | U1/ACQ/BD/MIG_2DDR.core_wrapper_i/core_i/MIG_Code/mig_7series_0/u_core_mig_7series_0_0_mig/u_ddr3_infrastructure/mem_refclk                                                                                                                                      |             2.5 |
| oserdes_clk                                                                                                                                                 | U1/ACQ/BD/MIG_2DDR.core_wrapper_i/core_i/MIG_Calibration/CAL_DDR_MIG/u_core_CAL_DDR_MIG_0_mig/u_memc_ui_top_axi/mem_intfc0/ddr_phy_top0/u_ddr_mc_phy_wrapper/u_ddr_mc_phy/ddr_phy_4lanes_0.u_ddr_phy_4lanes/ddr_byte_lane_A.ddr_byte_lane_A/oserdes_clk          |             2.5 |
| oserdes_clk_1                                                                                                                                               | U1/ACQ/BD/MIG_2DDR.core_wrapper_i/core_i/MIG_Calibration/CAL_DDR_MIG/u_core_CAL_DDR_MIG_0_mig/u_memc_ui_top_axi/mem_intfc0/ddr_phy_top0/u_ddr_mc_phy_wrapper/u_ddr_mc_phy/ddr_phy_4lanes_0.u_ddr_phy_4lanes/ddr_byte_lane_B.ddr_byte_lane_B/oserdes_clk          |             2.5 |
| oserdes_clk_10                                                                                                                                              | U1/ACQ/BD/MIG_2DDR.core_wrapper_i/core_i/MIG_Code/mig_7series_0/u_core_mig_7series_0_0_mig/u_memc_ui_top_axi/mem_intfc0/ddr_phy_top0/u_ddr_mc_phy_wrapper/u_ddr_mc_phy/ddr_phy_4lanes_0.u_ddr_phy_4lanes/ddr_byte_lane_D.ddr_byte_lane_D/oserdes_clk             |             2.5 |
| oserdes_clk_2                                                                                                                                               | U1/ACQ/BD/MIG_2DDR.core_wrapper_i/core_i/MIG_Calibration/CAL_DDR_MIG/u_core_CAL_DDR_MIG_0_mig/u_memc_ui_top_axi/mem_intfc0/ddr_phy_top0/u_ddr_mc_phy_wrapper/u_ddr_mc_phy/ddr_phy_4lanes_0.u_ddr_phy_4lanes/ddr_byte_lane_C.ddr_byte_lane_C/oserdes_clk          |             2.5 |
| oserdes_clk_3                                                                                                                                               | U1/ACQ/BD/MIG_2DDR.core_wrapper_i/core_i/MIG_Calibration/CAL_DDR_MIG/u_core_CAL_DDR_MIG_0_mig/u_memc_ui_top_axi/mem_intfc0/ddr_phy_top0/u_ddr_mc_phy_wrapper/u_ddr_mc_phy/ddr_phy_4lanes_0.u_ddr_phy_4lanes/ddr_byte_lane_D.ddr_byte_lane_D/oserdes_clk          |             2.5 |
| oserdes_clk_4                                                                                                                                               | U1/ACQ/BD/MIG_2DDR.core_wrapper_i/core_i/MIG_Calibration/CAL_DDR_MIG/u_core_CAL_DDR_MIG_0_mig/u_memc_ui_top_axi/mem_intfc0/ddr_phy_top0/u_ddr_mc_phy_wrapper/u_ddr_mc_phy/ddr_phy_4lanes_1.u_ddr_phy_4lanes/ddr_byte_lane_B.ddr_byte_lane_B/oserdes_clk          |             2.5 |
| oserdes_clk_5                                                                                                                                               | U1/ACQ/BD/MIG_2DDR.core_wrapper_i/core_i/MIG_Calibration/CAL_DDR_MIG/u_core_CAL_DDR_MIG_0_mig/u_memc_ui_top_axi/mem_intfc0/ddr_phy_top0/u_ddr_mc_phy_wrapper/u_ddr_mc_phy/ddr_phy_4lanes_1.u_ddr_phy_4lanes/ddr_byte_lane_C.ddr_byte_lane_C/oserdes_clk          |             2.5 |
| oserdes_clk_6                                                                                                                                               | U1/ACQ/BD/MIG_2DDR.core_wrapper_i/core_i/MIG_Calibration/CAL_DDR_MIG/u_core_CAL_DDR_MIG_0_mig/u_memc_ui_top_axi/mem_intfc0/ddr_phy_top0/u_ddr_mc_phy_wrapper/u_ddr_mc_phy/ddr_phy_4lanes_1.u_ddr_phy_4lanes/ddr_byte_lane_D.ddr_byte_lane_D/oserdes_clk          |             2.5 |
| oserdes_clk_7                                                                                                                                               | U1/ACQ/BD/MIG_2DDR.core_wrapper_i/core_i/MIG_Code/mig_7series_0/u_core_mig_7series_0_0_mig/u_memc_ui_top_axi/mem_intfc0/ddr_phy_top0/u_ddr_mc_phy_wrapper/u_ddr_mc_phy/ddr_phy_4lanes_0.u_ddr_phy_4lanes/ddr_byte_lane_A.ddr_byte_lane_A/oserdes_clk             |             2.5 |
| oserdes_clk_8                                                                                                                                               | U1/ACQ/BD/MIG_2DDR.core_wrapper_i/core_i/MIG_Code/mig_7series_0/u_core_mig_7series_0_0_mig/u_memc_ui_top_axi/mem_intfc0/ddr_phy_top0/u_ddr_mc_phy_wrapper/u_ddr_mc_phy/ddr_phy_4lanes_0.u_ddr_phy_4lanes/ddr_byte_lane_B.ddr_byte_lane_B/oserdes_clk             |             2.5 |
| oserdes_clk_9                                                                                                                                               | U1/ACQ/BD/MIG_2DDR.core_wrapper_i/core_i/MIG_Code/mig_7series_0/u_core_mig_7series_0_0_mig/u_memc_ui_top_axi/mem_intfc0/ddr_phy_top0/u_ddr_mc_phy_wrapper/u_ddr_mc_phy/ddr_phy_4lanes_0.u_ddr_phy_4lanes/ddr_byte_lane_C.ddr_byte_lane_C/oserdes_clk             |             2.5 |
| oserdes_clkdiv                                                                                                                                              | U1/ACQ/BD/MIG_2DDR.core_wrapper_i/core_i/MIG_Calibration/CAL_DDR_MIG/u_core_CAL_DDR_MIG_0_mig/u_memc_ui_top_axi/mem_intfc0/ddr_phy_top0/u_ddr_mc_phy_wrapper/u_ddr_mc_phy/ddr_phy_4lanes_0.u_ddr_phy_4lanes/ddr_byte_lane_A.ddr_byte_lane_A/oserdes_clkdiv       |             5.0 |
| oserdes_clkdiv_1                                                                                                                                            | U1/ACQ/BD/MIG_2DDR.core_wrapper_i/core_i/MIG_Calibration/CAL_DDR_MIG/u_core_CAL_DDR_MIG_0_mig/u_memc_ui_top_axi/mem_intfc0/ddr_phy_top0/u_ddr_mc_phy_wrapper/u_ddr_mc_phy/ddr_phy_4lanes_0.u_ddr_phy_4lanes/ddr_byte_lane_B.ddr_byte_lane_B/oserdes_clkdiv       |             5.0 |
| oserdes_clkdiv_10                                                                                                                                           | U1/ACQ/BD/MIG_2DDR.core_wrapper_i/core_i/MIG_Code/mig_7series_0/u_core_mig_7series_0_0_mig/u_memc_ui_top_axi/mem_intfc0/ddr_phy_top0/u_ddr_mc_phy_wrapper/u_ddr_mc_phy/ddr_phy_4lanes_0.u_ddr_phy_4lanes/ddr_byte_lane_D.ddr_byte_lane_D/oserdes_clkdiv          |             5.0 |
| oserdes_clkdiv_2                                                                                                                                            | U1/ACQ/BD/MIG_2DDR.core_wrapper_i/core_i/MIG_Calibration/CAL_DDR_MIG/u_core_CAL_DDR_MIG_0_mig/u_memc_ui_top_axi/mem_intfc0/ddr_phy_top0/u_ddr_mc_phy_wrapper/u_ddr_mc_phy/ddr_phy_4lanes_0.u_ddr_phy_4lanes/ddr_byte_lane_C.ddr_byte_lane_C/oserdes_clkdiv       |             5.0 |
| oserdes_clkdiv_3                                                                                                                                            | U1/ACQ/BD/MIG_2DDR.core_wrapper_i/core_i/MIG_Calibration/CAL_DDR_MIG/u_core_CAL_DDR_MIG_0_mig/u_memc_ui_top_axi/mem_intfc0/ddr_phy_top0/u_ddr_mc_phy_wrapper/u_ddr_mc_phy/ddr_phy_4lanes_0.u_ddr_phy_4lanes/ddr_byte_lane_D.ddr_byte_lane_D/oserdes_clkdiv       |             5.0 |
| oserdes_clkdiv_4                                                                                                                                            | U1/ACQ/BD/MIG_2DDR.core_wrapper_i/core_i/MIG_Calibration/CAL_DDR_MIG/u_core_CAL_DDR_MIG_0_mig/u_memc_ui_top_axi/mem_intfc0/ddr_phy_top0/u_ddr_mc_phy_wrapper/u_ddr_mc_phy/ddr_phy_4lanes_1.u_ddr_phy_4lanes/ddr_byte_lane_B.ddr_byte_lane_B/oserdes_clkdiv       |            10.0 |
| oserdes_clkdiv_5                                                                                                                                            | U1/ACQ/BD/MIG_2DDR.core_wrapper_i/core_i/MIG_Calibration/CAL_DDR_MIG/u_core_CAL_DDR_MIG_0_mig/u_memc_ui_top_axi/mem_intfc0/ddr_phy_top0/u_ddr_mc_phy_wrapper/u_ddr_mc_phy/ddr_phy_4lanes_1.u_ddr_phy_4lanes/ddr_byte_lane_C.ddr_byte_lane_C/oserdes_clkdiv       |            10.0 |
| oserdes_clkdiv_6                                                                                                                                            | U1/ACQ/BD/MIG_2DDR.core_wrapper_i/core_i/MIG_Calibration/CAL_DDR_MIG/u_core_CAL_DDR_MIG_0_mig/u_memc_ui_top_axi/mem_intfc0/ddr_phy_top0/u_ddr_mc_phy_wrapper/u_ddr_mc_phy/ddr_phy_4lanes_1.u_ddr_phy_4lanes/ddr_byte_lane_D.ddr_byte_lane_D/oserdes_clkdiv       |            10.0 |
| oserdes_clkdiv_7                                                                                                                                            | U1/ACQ/BD/MIG_2DDR.core_wrapper_i/core_i/MIG_Code/mig_7series_0/u_core_mig_7series_0_0_mig/u_memc_ui_top_axi/mem_intfc0/ddr_phy_top0/u_ddr_mc_phy_wrapper/u_ddr_mc_phy/ddr_phy_4lanes_0.u_ddr_phy_4lanes/ddr_byte_lane_A.ddr_byte_lane_A/oserdes_clkdiv          |             5.0 |
| oserdes_clkdiv_8                                                                                                                                            | U1/ACQ/BD/MIG_2DDR.core_wrapper_i/core_i/MIG_Code/mig_7series_0/u_core_mig_7series_0_0_mig/u_memc_ui_top_axi/mem_intfc0/ddr_phy_top0/u_ddr_mc_phy_wrapper/u_ddr_mc_phy/ddr_phy_4lanes_0.u_ddr_phy_4lanes/ddr_byte_lane_B.ddr_byte_lane_B/oserdes_clkdiv          |            10.0 |
| oserdes_clkdiv_9                                                                                                                                            | U1/ACQ/BD/MIG_2DDR.core_wrapper_i/core_i/MIG_Code/mig_7series_0/u_core_mig_7series_0_0_mig/u_memc_ui_top_axi/mem_intfc0/ddr_phy_top0/u_ddr_mc_phy_wrapper/u_ddr_mc_phy/ddr_phy_4lanes_0.u_ddr_phy_4lanes/ddr_byte_lane_C.ddr_byte_lane_C/oserdes_clkdiv          |            10.0 |
| pll_clk3_out                                                                                                                                                | U1/ACQ/BD/MIG_2DDR.core_wrapper_i/core_i/MIG_Calibration/CAL_DDR_MIG/u_core_CAL_DDR_MIG_0_mig/u_ddr3_infrastructure/pll_clk3_out                                                                                                                                 |            10.0 |
| pll_clk3_out_1                                                                                                                                              | U1/ACQ/BD/MIG_2DDR.core_wrapper_i/core_i/MIG_Code/mig_7series_0/u_core_mig_7series_0_0_mig/u_ddr3_infrastructure/pll_clk3_out                                                                                                                                    |            10.0 |
| pll_clkfbout                                                                                                                                                | U1/ACQ/BD/MIG_2DDR.core_wrapper_i/core_i/MIG_Calibration/CAL_DDR_MIG/u_core_CAL_DDR_MIG_0_mig/u_ddr3_infrastructure/pll_clkfbout                                                                                                                                 |             5.0 |
| pll_clkfbout_1                                                                                                                                              | U1/ACQ/BD/MIG_2DDR.core_wrapper_i/core_i/MIG_Code/mig_7series_0/u_core_mig_7series_0_0_mig/u_ddr3_infrastructure/pll_clkfbout                                                                                                                                    |             5.0 |
| sync_clk_i                                                                                                                                                  | U1/ACQ/MGT/MGTS/DATA_CLOCK/U1/sync_clk_i                                                                                                                                                                                                                         |             5.1 |
| sync_pulse                                                                                                                                                  | U1/ACQ/BD/MIG_2DDR.core_wrapper_i/core_i/MIG_Calibration/CAL_DDR_MIG/u_core_CAL_DDR_MIG_0_mig/u_ddr3_infrastructure/sync_pulse                                                                                                                                   |            40.0 |
| sync_pulse_1                                                                                                                                                | U1/ACQ/BD/MIG_2DDR.core_wrapper_i/core_i/MIG_Code/mig_7series_0/u_core_mig_7series_0_0_mig/u_ddr3_infrastructure/sync_pulse                                                                                                                                      |            40.0 |
| u_memc_ui_top_axi/mem_intfc0/ddr_phy_top0/u_ddr_mc_phy_wrapper/u_ddr_mc_phy/ddr_phy_4lanes_0.u_ddr_phy_4lanes/ddr_byte_lane_A.ddr_byte_lane_A/iserdes_clk   | U1/ACQ/BD/MIG_2DDR.core_wrapper_i/core_i/MIG_Calibration/CAL_DDR_MIG/u_core_CAL_DDR_MIG_0_mig/u_memc_ui_top_axi/mem_intfc0/ddr_phy_top0/u_ddr_mc_phy_wrapper/u_ddr_mc_phy/ddr_phy_4lanes_0.u_ddr_phy_4lanes/ddr_byte_lane_A.ddr_byte_lane_A/A_rst_primitives_reg |             2.5 |
| u_memc_ui_top_axi/mem_intfc0/ddr_phy_top0/u_ddr_mc_phy_wrapper/u_ddr_mc_phy/ddr_phy_4lanes_0.u_ddr_phy_4lanes/ddr_byte_lane_A.ddr_byte_lane_A/iserdes_clk_1 | U1/ACQ/BD/MIG_2DDR.core_wrapper_i/core_i/MIG_Code/mig_7series_0/u_core_mig_7series_0_0_mig/u_memc_ui_top_axi/mem_intfc0/ddr_phy_top0/u_ddr_mc_phy_wrapper/u_ddr_mc_phy/ddr_phy_4lanes_0.u_ddr_phy_4lanes/ddr_byte_lane_A.ddr_byte_lane_A/A_rst_primitives_reg    |             2.5 |
| u_memc_ui_top_axi/mem_intfc0/ddr_phy_top0/u_ddr_mc_phy_wrapper/u_ddr_mc_phy/ddr_phy_4lanes_0.u_ddr_phy_4lanes/ddr_byte_lane_B.ddr_byte_lane_B/iserdes_clk   | U1/ACQ/BD/MIG_2DDR.core_wrapper_i/core_i/MIG_Calibration/CAL_DDR_MIG/u_core_CAL_DDR_MIG_0_mig/u_memc_ui_top_axi/mem_intfc0/ddr_phy_top0/u_ddr_mc_phy_wrapper/u_ddr_mc_phy/ddr_phy_4lanes_0.u_ddr_phy_4lanes/ddr_byte_lane_B.ddr_byte_lane_B/A_rst_primitives_reg |             2.5 |
| u_memc_ui_top_axi/mem_intfc0/ddr_phy_top0/u_ddr_mc_phy_wrapper/u_ddr_mc_phy/ddr_phy_4lanes_0.u_ddr_phy_4lanes/ddr_byte_lane_C.ddr_byte_lane_C/iserdes_clk   | U1/ACQ/BD/MIG_2DDR.core_wrapper_i/core_i/MIG_Calibration/CAL_DDR_MIG/u_core_CAL_DDR_MIG_0_mig/u_memc_ui_top_axi/mem_intfc0/ddr_phy_top0/u_ddr_mc_phy_wrapper/u_ddr_mc_phy/ddr_phy_4lanes_0.u_ddr_phy_4lanes/ddr_byte_lane_C.ddr_byte_lane_C/A_rst_primitives_reg |             2.5 |
| u_memc_ui_top_axi/mem_intfc0/ddr_phy_top0/u_ddr_mc_phy_wrapper/u_ddr_mc_phy/ddr_phy_4lanes_0.u_ddr_phy_4lanes/ddr_byte_lane_D.ddr_byte_lane_D/iserdes_clk   | U1/ACQ/BD/MIG_2DDR.core_wrapper_i/core_i/MIG_Calibration/CAL_DDR_MIG/u_core_CAL_DDR_MIG_0_mig/u_memc_ui_top_axi/mem_intfc0/ddr_phy_top0/u_ddr_mc_phy_wrapper/u_ddr_mc_phy/ddr_phy_4lanes_0.u_ddr_phy_4lanes/ddr_byte_lane_D.ddr_byte_lane_D/A_rst_primitives_reg |             2.5 |
| u_memc_ui_top_axi/mem_intfc0/ddr_phy_top0/u_ddr_mc_phy_wrapper/u_ddr_mc_phy/ddr_phy_4lanes_0.u_ddr_phy_4lanes/ddr_byte_lane_D.ddr_byte_lane_D/iserdes_clk_1 | U1/ACQ/BD/MIG_2DDR.core_wrapper_i/core_i/MIG_Code/mig_7series_0/u_core_mig_7series_0_0_mig/u_memc_ui_top_axi/mem_intfc0/ddr_phy_top0/u_ddr_mc_phy_wrapper/u_ddr_mc_phy/ddr_phy_4lanes_0.u_ddr_phy_4lanes/ddr_byte_lane_D.ddr_byte_lane_D/A_rst_primitives_reg    |             2.5 |
| usart_clk                                                                                                                                                   | U1/ACQ/BULK_USART/U11/inst/CLK0_usart_mmcm                                                                                                                                                                                                                       |            60.0 |
| usart_clk_in                                                                                                                                                | R_GIGE_BULK_CLK0                                                                                                                                                                                                                                                 |            60.0 |
| user_clk_i                                                                                                                                                  | U1/ACQ/MGT/MGTS/DATA_CLOCK/U1/user_clk_i                                                                                                                                                                                                                         |            10.2 |
+-------------------------------------------------------------------------------------------------------------------------------------------------------------+------------------------------------------------------------------------------------------------------------------------------------------------------------------------------------------------------------------------------------------------------------------+-----------------+


3. Detailed Reports
-------------------

3.1 By Hierarchy
----------------

+------------------------+-----------+
| Name                   | Power (W) |
+------------------------+-----------+
| fir_00251_proc_startup |     4.869 |
|   U1                   |     4.763 |
|     ACQ                |     4.356 |
|       BD               |     2.022 |
|       BULK_USART       |     0.110 |
|       CALIB            |     0.703 |
|       EHDRI            |     0.002 |
|       EXP_CTRL         |     0.001 |
|       FLASH            |     0.015 |
|       HEADER           |     0.030 |
|       ICU              |     0.002 |
|       IRIG             |     0.002 |
|       MGT              |     1.402 |
|       SFW_INTF         |     0.006 |
|       TRIG             |     0.009 |
|       U2               |     0.029 |
|       U4               |     0.007 |
|       U7               |     0.005 |
|       USB              |     0.007 |
|     U1                 |     0.221 |
|       CH0              |     0.057 |
|       CH1              |     0.052 |
|       CH2              |     0.052 |
|       CH3              |     0.058 |
|     U3                 |     0.185 |
|       U25              |     0.001 |
|       U26              |     0.109 |
|       U33              |     0.002 |
|       U4               |     0.010 |
|       U5               |     0.004 |
|       U6               |     0.002 |
|       U9               |     0.045 |
|       g0.U21           |     0.010 |
+------------------------+-----------+


