Copyright 1986-2016 Xilinx, Inc. All Rights Reserved.
-------------------------------------------------------------------------------------------------------------------------------------
| Tool Version : Vivado v.2016.3 (win64) Build 1682563 Mon Oct 10 19:07:27 MDT 2016
| Date         : Tue Jun 29 11:36:52 2021
| Host         : TELOPS212 running 64-bit major release  (build 9200)
| Command      : report_utilization -file d:/Telops/fir-00251-Proc/Reports/startup/fir_00251_proc_325_startup_utilization_placed.rpt
| Design       : fir_00251_proc_startup
| Device       : 7k325tfbg676-1
| Design State : Routed
-------------------------------------------------------------------------------------------------------------------------------------

Utilization Design Information

Table of Contents
-----------------
1. Slice Logic
1.1 Summary of Registers by Type
2. Slice Logic Distribution
3. Memory
4. DSP
5. IO and GT Specific
6. Clocking
7. Specific Feature
8. Primitives
9. Black Boxes
10. Instantiated Netlists

1. Slice Logic
--------------

+----------------------------+--------+-------+-----------+-------+
|          Site Type         |  Used  | Fixed | Available | Util% |
+----------------------------+--------+-------+-----------+-------+
| Slice LUTs                 |  78675 |     0 |    203800 | 38.60 |
|   LUT as Logic             |  72312 |     0 |    203800 | 35.48 |
|   LUT as Memory            |   6363 |     0 |     64000 |  9.94 |
|     LUT as Distributed RAM |   2088 |     0 |           |       |
|     LUT as Shift Register  |   4275 |     0 |           |       |
| Slice Registers            | 113099 |     0 |    407600 | 27.75 |
|   Register as Flip Flop    | 113095 |     0 |    407600 | 27.75 |
|   Register as Latch        |      0 |     0 |    407600 |  0.00 |
|   Register as AND/OR       |      4 |     0 |    407600 | <0.01 |
| F7 Muxes                   |    482 |     0 |    101900 |  0.47 |
| F8 Muxes                   |     24 |     0 |     50950 |  0.05 |
+----------------------------+--------+-------+-----------+-------+


1.1 Summary of Registers by Type
--------------------------------

+--------+--------------+-------------+--------------+
|  Total | Clock Enable | Synchronous | Asynchronous |
+--------+--------------+-------------+--------------+
| 4      |            _ |           - |            - |
| 0      |            _ |           - |          Set |
| 0      |            _ |           - |        Reset |
| 0      |            _ |         Set |            - |
| 0      |            _ |       Reset |            - |
| 0      |          Yes |           - |            - |
| 3833   |          Yes |           - |          Set |
| 4187   |          Yes |           - |        Reset |
| 4392   |          Yes |         Set |            - |
| 100705 |          Yes |       Reset |            - |
+--------+--------------+-------------+--------------+


2. Slice Logic Distribution
---------------------------

+-------------------------------------------+-------+-------+-----------+-------+
|                 Site Type                 |  Used | Fixed | Available | Util% |
+-------------------------------------------+-------+-------+-----------+-------+
| Slice                                     | 32384 |     0 |     50950 | 63.56 |
|   SLICEL                                  | 22033 |     0 |           |       |
|   SLICEM                                  | 10351 |     0 |           |       |
| LUT as Logic                              | 72312 |     0 |    203800 | 35.48 |
|   using O5 output only                    |     7 |       |           |       |
|   using O6 output only                    | 57307 |       |           |       |
|   using O5 and O6                         | 14998 |       |           |       |
| LUT as Memory                             |  6363 |     0 |     64000 |  9.94 |
|   LUT as Distributed RAM                  |  2088 |     0 |           |       |
|     using O5 output only                  |     0 |       |           |       |
|     using O6 output only                  |    32 |       |           |       |
|     using O5 and O6                       |  2056 |       |           |       |
|   LUT as Shift Register                   |  4275 |     0 |           |       |
|     using O5 output only                  |   245 |       |           |       |
|     using O6 output only                  |  1709 |       |           |       |
|     using O5 and O6                       |  2321 |       |           |       |
| LUT Flip Flop Pairs                       | 43640 |     0 |    203800 | 21.41 |
|   fully used LUT-FF pairs                 |  9008 |       |           |       |
|   LUT-FF pairs with one unused LUT output | 32691 |       |           |       |
|   LUT-FF pairs with one unused Flip Flop  | 26544 |       |           |       |
| Unique Control Sets                       |  5139 |       |           |       |
+-------------------------------------------+-------+-------+-----------+-------+
* Note: Review the Control Sets Report for more information regarding control sets.


3. Memory
---------

+-------------------+------+-------+-----------+-------+
|     Site Type     | Used | Fixed | Available | Util% |
+-------------------+------+-------+-----------+-------+
| Block RAM Tile    |  288 |     0 |       445 | 64.72 |
|   RAMB36/FIFO*    |  235 |     0 |       445 | 52.81 |
|     FIFO36E1 only |    3 |       |           |       |
|     RAMB36E1 only |  232 |       |           |       |
|   RAMB18          |  106 |     0 |       890 | 11.91 |
|     RAMB18E1 only |  106 |       |           |       |
+-------------------+------+-------+-----------+-------+
* Note: Each Block RAM Tile only has one FIFO logic available and therefore can accommodate only one FIFO36E1 or one FIFO18E1. However, if a FIFO18E1 occupies a Block RAM Tile, that tile can still accommodate a RAMB18E1


4. DSP
------

+----------------+------+-------+-----------+-------+
|    Site Type   | Used | Fixed | Available | Util% |
+----------------+------+-------+-----------+-------+
| DSPs           |  101 |     0 |       840 | 12.02 |
|   DSP48E1 only |  101 |       |           |       |
+----------------+------+-------+-----------+-------+


5. IO and GT Specific
---------------------

+-----------------------------+------+-------+-----------+--------+
|          Site Type          | Used | Fixed | Available |  Util% |
+-----------------------------+------+-------+-----------+--------+
| Bonded IOB                  |  287 |   287 |       400 |  71.75 |
|   IOB Master Pads           |  138 |       |           |        |
|   IOB Slave Pads            |  136 |       |           |        |
|   IOB Flip Flops            |   22 |    22 |           |        |
| Bonded IPADs                |   10 |    10 |        26 |  38.46 |
| Bonded OPADs                |    6 |     6 |        16 |  37.50 |
| PHY_CONTROL                 |    3 |     3 |        10 |  30.00 |
| PHASER_REF                  |    3 |     3 |        10 |  30.00 |
| OUT_FIFO                    |   11 |    11 |        40 |  27.50 |
| IN_FIFO                     |    6 |     6 |        40 |  15.00 |
| IDELAYCTRL                  |    4 |     0 |        10 |  40.00 |
| IBUFDS                      |   20 |    20 |       384 |   5.21 |
| GTXE2_COMMON                |    2 |     0 |         2 | 100.00 |
| GTXE2_CHANNEL               |    3 |     3 |         8 |  37.50 |
| PHASER_OUT/PHASER_OUT_PHY   |   11 |    11 |        40 |  27.50 |
|   PHASER_OUT_PHY only       |   11 |    11 |           |        |
| PHASER_IN/PHASER_IN_PHY     |    6 |     6 |        40 |  15.00 |
|   PHASER_IN_PHY only        |    6 |     6 |           |        |
| IDELAYE2/IDELAYE2_FINEDELAY |   64 |    64 |       500 |  12.80 |
|   IDELAYE2 only             |   64 |    64 |           |        |
| ODELAYE2/ODELAYE2_FINEDELAY |    0 |     0 |       150 |   0.00 |
| IBUFDS_GTE2                 |    1 |     1 |         4 |  25.00 |
| ILOGIC                      |   87 |    87 |       400 |  21.75 |
|   IFF_Register              |    7 |     7 |           |        |
|   ISERDES                   |   80 |    80 |           |        |
| OLOGIC                      |  129 |   129 |       400 |  32.25 |
|   OUTFF_Register            |   15 |    15 |           |        |
|   OUTFF_ODDR_Register       |    8 |     8 |           |        |
|   TFF_ODDR_Register         |    6 |     6 |           |        |
|   OSERDES                   |  106 |   106 |           |        |
+-----------------------------+------+-------+-----------+--------+


6. Clocking
-----------

+------------+------+-------+-----------+-------+
|  Site Type | Used | Fixed | Available | Util% |
+------------+------+-------+-----------+-------+
| BUFGCTRL   |   27 |     0 |        32 | 84.38 |
| BUFIO      |    0 |     0 |        40 |  0.00 |
| MMCME2_ADV |    8 |     2 |        10 | 80.00 |
| PLLE2_ADV  |    2 |     2 |        10 | 20.00 |
| BUFMRCE    |    0 |     0 |        20 |  0.00 |
| BUFHCE     |    2 |     0 |       168 |  1.19 |
| BUFR       |    1 |     0 |        40 |  2.50 |
+------------+------+-------+-----------+-------+


7. Specific Feature
-------------------

+-------------+------+-------+-----------+--------+
|  Site Type  | Used | Fixed | Available |  Util% |
+-------------+------+-------+-----------+--------+
| BSCANE2     |    1 |     0 |         4 |  25.00 |
| CAPTUREE2   |    0 |     0 |         1 |   0.00 |
| DNA_PORT    |    0 |     0 |         1 |   0.00 |
| EFUSE_USR   |    0 |     0 |         1 |   0.00 |
| FRAME_ECCE2 |    0 |     0 |         1 |   0.00 |
| ICAPE2      |    0 |     0 |         2 |   0.00 |
| PCIE_2_1    |    0 |     0 |         1 |   0.00 |
| STARTUPE2   |    1 |     0 |         1 | 100.00 |
| XADC        |    1 |     1 |         1 | 100.00 |
+-------------+------+-------+-----------+--------+


8. Primitives
-------------

+--------------------------+--------+---------------------+
|         Ref Name         |  Used  | Functional Category |
+--------------------------+--------+---------------------+
| FDRE                     | 100705 |        Flop & Latch |
| LUT3                     |  22739 |                 LUT |
| LUT6                     |  18503 |                 LUT |
| LUT4                     |  16118 |                 LUT |
| LUT2                     |  13504 |                 LUT |
| LUT5                     |  12694 |                 LUT |
| SRL16E                   |   5523 |  Distributed Memory |
| CARRY4                   |   4697 |          CarryLogic |
| FDSE                     |   4392 |        Flop & Latch |
| FDCE                     |   4187 |        Flop & Latch |
| FDPE                     |   3833 |        Flop & Latch |
| LUT1                     |   3752 |                 LUT |
| RAMD32                   |   3116 |  Distributed Memory |
| SRLC32E                  |   1029 |  Distributed Memory |
| RAMS32                   |    996 |  Distributed Memory |
| MUXF7                    |    482 |               MuxFx |
| RAMB36E1                 |    232 |        Block Memory |
| RAMB18E1                 |    106 |        Block Memory |
| OSERDESE2                |    106 |                  IO |
| OBUF                     |    106 |                  IO |
| DSP48E1                  |    101 |    Block Arithmetic |
| IBUF                     |     85 |                  IO |
| ISERDESE2                |     80 |                  IO |
| OBUFT                    |     69 |                  IO |
| IDELAYE2                 |     64 |                  IO |
| SRLC16E                  |     44 |  Distributed Memory |
| RAMD64E                  |     32 |  Distributed Memory |
| OBUFT_DCIEN              |     32 |                  IO |
| IBUF_IBUFDISABLE         |     32 |                  IO |
| BUFG                     |     25 |               Clock |
| MUXF8                    |     24 |               MuxFx |
| IBUFDS                   |     20 |                  IO |
| IBUF_INTERMDISABLE       |     16 |                  IO |
| ODDR                     |     14 |                  IO |
| PHASER_OUT_PHY           |     11 |                  IO |
| OUT_FIFO                 |     11 |                  IO |
| OBUFTDS_DCIEN            |      8 |                  IO |
| MMCME2_ADV               |      8 |               Clock |
| INV                      |      8 |                 LUT |
| IBUFDS_IBUFDISABLE_INT   |      8 |                  IO |
| PHASER_IN_PHY            |      6 |                  IO |
| IN_FIFO                  |      6 |                  IO |
| OBUFTDS                  |      4 |                  IO |
| OBUFDS                   |      4 |                  IO |
| IDELAYCTRL               |      4 |                  IO |
| IBUFDS_INTERMDISABLE_INT |      4 |                  IO |
| AND2B1L                  |      4 |              Others |
| PHY_CONTROL              |      3 |                  IO |
| PHASER_REF               |      3 |                  IO |
| GTXE2_CHANNEL            |      3 |                  IO |
| FIFO36E1                 |      3 |        Block Memory |
| PLLE2_ADV                |      2 |               Clock |
| GTXE2_COMMON             |      2 |                  IO |
| BUFH                     |      2 |               Clock |
| BUFGCTRL                 |      2 |               Clock |
| XADC                     |      1 |              Others |
| STARTUPE2                |      1 |              Others |
| IBUFDS_GTE2              |      1 |                  IO |
| BUFR                     |      1 |               Clock |
| BSCANE2                  |      1 |              Others |
+--------------------------+--------+---------------------+


9. Black Boxes
--------------

+----------+------+
| Ref Name | Used |
+----------+------+


10. Instantiated Netlists
-------------------------

+------------------------------+------+
|           Ref Name           | Used |
+------------------------------+------+
| t_axi4_stream32_sfifo_d256   |   29 |
| t_axi4_stream32_sfifo_d16    |   21 |
| t_axi4_stream32_sfifo_d64    |   20 |
| ip_fp32_axis_mult            |   20 |
| fwft_sfifo_w32_d16           |   19 |
| ip_axis_fi32tofp32           |   18 |
| ip_axis32_fanout2            |   15 |
| ip_fp32_axis_subtract        |    9 |
| fwft_sfifo_w32_d256          |    8 |
| t_axi4_lite32_w_afifo_d16    |    7 |
| ip_fp32_axis_add             |    7 |
| ip_axis_fp32tofi32           |    7 |
| fwft_sfifo_w3_d16            |    7 |
| t_axi4_stream32_sfifo_d1024  |    6 |
| fwft_sfifo_w76_d256          |    6 |
| fwft_sfifo_w8_d16            |    5 |
| var_shift_reg_w16_d32        |    4 |
| ip_fp32_axis_divide          |    4 |
| fwft_sfifo_w72_d16           |    4 |
| fwft_sfifo_w16_d256          |    4 |
| fwft_afifo_w96_d128          |    4 |
| afifo_w72_d16                |    4 |
| fwft_sfifo_wr66_rd66_d512    |    3 |
| t_axi4_stream32_sfifo_d2048  |    2 |
| t_axi4_stream32_afifo_d512   |    2 |
| serdes_clkin_10_0_MHz_mmcm   |    2 |
| ip_fp32_axis_greaterThan     |    2 |
| ip_axis16_reg                |    2 |
| fwft_sfifo_w192_d16          |    2 |
| fwft_afifo_wr68_rd34_d512    |    2 |
| fwft_afifo_wr18_rd72_d1024   |    2 |
| usart_mmcm                   |    1 |
| tdp_ram_w32_d32768           |    1 |
| tdp_ram_w32_d16384           |    1 |
| t_axi4_stream8_sfifo_d2048   |    1 |
| t_axi4_stream64_sfifo_d128   |    1 |
| t_axi4_stream64_afifo_d512   |    1 |
| t_axi4_stream64_afifo_d16    |    1 |
| t_axi4_stream64_afifo_d1024  |    1 |
| t_axi4_stream16_sfifo_d16    |    1 |
| sdp_ram_w32_d128             |    1 |
| isc0207A_5_0_MHz_mmcm        |    1 |
| ip_fp32_axis_sqroot          |    1 |
| ip_blk_mem_gen_w32_d8192     |    1 |
| ip_axis64_fanout2            |    1 |
| ip_axis32_merge_axis64       |    1 |
| ip_axis16_merge_axis64       |    1 |
| ip_axi_bram_ctrl             |    1 |
| histogram_axis_tmi_4pix_0    |    1 |
| fwft_afifo_wr72_rd18_d16     |    1 |
| fwft_afifo_wr66_rd66_d512    |    1 |
| fwft_afifo_wr66_rd132_d32    |    1 |
| fwft_afifo_wr132_rd66_d16    |    1 |
| fwft_afifo_w8_d256           |    1 |
| exp_mgt                      |    1 |
| ehdri_index_mem              |    1 |
| dp_ram_byte_w32_d64          |    1 |
| data_mgt                     |    1 |
| core_xbar_5                  |    1 |
| core_xbar_4                  |    1 |
| core_xbar_3                  |    1 |
| core_xbar_2                  |    1 |
| core_xbar_1                  |    1 |
| core_xbar_0                  |    1 |
| core_xadc_wiz_1_0            |    1 |
| core_s00_data_fifo_2         |    1 |
| core_s00_data_fifo_1         |    1 |
| core_proc_sys_reset_1_0      |    1 |
| core_power_management_0      |    1 |
| core_pleora_uart_0           |    1 |
| core_oem_uart_0              |    1 |
| core_mig_7series_0_0         |    1 |
| core_microblaze_1_axi_intc_0 |    1 |
| core_microblaze_1_0          |    1 |
| core_mdm_1_0                 |    1 |
| core_m15_data_fifo_0         |    1 |
| core_m12_data_fifo_0         |    1 |
| core_m11_data_fifo_0         |    1 |
| core_m01_data_fifo_0         |    1 |
| core_m00_data_fifo_1         |    1 |
| core_m00_data_fifo_0         |    1 |
| core_lmb_bram_0              |    1 |
| core_intr_concact_0          |    1 |
| core_ilmb_v10_0              |    1 |
| core_ilmb_bram_if_cntlr_0    |    1 |
| core_fw_uart_0               |    1 |
| core_fpga_output_uart_0      |    1 |
| core_dlmb_v10_0              |    1 |
| core_dlmb_bram_if_cntlr_0    |    1 |
| core_clk_wiz_1_0             |    1 |
| core_clink_uart_0            |    1 |
| core_axi_usb_uart_0          |    1 |
| core_axi_timer_0_0           |    1 |
| core_axi_quad_spi_0_0        |    1 |
| core_axi_ndf_uart_0          |    1 |
| core_axi_lens_uart_0         |    1 |
| core_axi_iic_0_0             |    1 |
| core_axi_gps_uart_0          |    1 |
| core_axi_gpio_0_0            |    1 |
| core_axi_dm_buffer_0         |    1 |
| core_axi_datamover_ddrcal_0  |    1 |
| core_auto_us_cc_df_3         |    1 |
| core_auto_us_cc_df_2         |    1 |
| core_auto_us_cc_df_1         |    1 |
| core_auto_us_cc_df_0         |    1 |
| core_auto_us_1               |    1 |
| core_auto_us_0               |    1 |
| core_auto_pc_2               |    1 |
| core_auto_pc_1               |    1 |
| core_auto_pc_0               |    1 |
| core_auto_cc_1               |    1 |
| core_auto_cc_0               |    1 |
| core_GND_0                   |    1 |
| core_FlashReset_0_0          |    1 |
| core_CAL_DDR_MIG_0           |    1 |
| calib_param_ram              |    1 |
| buffer_table_ram             |    1 |
| axis_128_to_64               |    1 |
| axis32_to_64_combiner        |    1 |
+------------------------------+------+


