#-----------------------------------------------------------
# Vivado v2016.3 (64-bit)
# SW Build 1682563 on Mon Oct 10 19:07:27 MDT 2016
# IP Build 1681267 on Mon Oct 10 21:28:31 MDT 2016
# Start of session at: Tue Mar 14 21:19:50 2017
# Process ID: 4772
# Current directory: D:/Telops/FIR-00251-Proc/src/AEC/HDL/2pix_netlist_325
# Command line: vivado.exe -mode batch -source ProjectGeneration.tcl -notrace
# Log file: D:/Telops/FIR-00251-Proc/src/AEC/HDL/2pix_netlist_325/vivado.log
# Journal file: D:/Telops/FIR-00251-Proc/src/AEC/HDL/2pix_netlist_325\vivado.jou
#-----------------------------------------------------------
source ProjectGeneration.tcl -notrace
WARNING: [Coretcl 2-176] No IPs found
INFO: [IP_Flow 19-234] Refreshing IP repositories
INFO: [IP_Flow 19-1704] No user IP repositories specified
INFO: [IP_Flow 19-2313] Loaded Vivado IP repository 'D:/Xilinx/Vivado/2016.3/data/ip'.
WARNING: [IP_Flow 19-4832] The IP name 'histogram_axis_tmi_2pix_c_addsub_v12_0_i0' you have specified is long. The Windows operating system has path length limitations. It is recommended you use shorter names to reduce the likelihood of issues.
WARNING: [Vivado 12-3523] Attempt to change 'Component_Name' from 'histogram_axis_tmi_2pix_c_addsub_v12_0_i0' to 'histogram_axis_tmi_2pix_c_addsub_v12_0_i0' is not allowed and is ignored.
WARNING: [IP_Flow 19-3374] An attempt to modify the value of disabled parameter 'B_Value' from '0000000000000000000000' to '0' has been ignored for IP 'histogram_axis_tmi_2pix_c_addsub_v12_0_i0'
WARNING: [IP_Flow 19-3374] An attempt to modify the value of disabled parameter 'Bypass_Sense' from 'Active_High' to 'Active_Low' has been ignored for IP 'histogram_axis_tmi_2pix_c_addsub_v12_0_i0'
WARNING: [IP_Flow 19-3374] An attempt to modify the value of disabled parameter 'Bypass_CE_Priority' from 'CE_Overrides_Bypass' to 'Bypass_Overrides_CE' has been ignored for IP 'histogram_axis_tmi_2pix_c_addsub_v12_0_i0'
WARNING: [IP_Flow 19-4832] The IP name 'histogram_axis_tmi_2pix_blk_mem_gen_v8_3_i0' you have specified is long. The Windows operating system has path length limitations. It is recommended you use shorter names to reduce the likelihood of issues.
INFO: [Device 21-403] Loading part xc7k325tfbg676-1
create_ip: Time (s): cpu = 00:00:05 ; elapsed = 00:00:05 . Memory (MB): peak = 498.355 ; gain = 221.418
WARNING: [Vivado 12-3523] Attempt to change 'Component_Name' from 'histogram_axis_tmi_2pix_blk_mem_gen_v8_3_i0' to 'histogram_axis_tmi_2pix_blk_mem_gen_v8_3_i0' is not allowed and is ignored.
WARNING: [IP_Flow 19-4832] The IP name 'histogram_axis_tmi_2pix_c_counter_binary_v12_0_i0' you have specified is long. The Windows operating system has path length limitations. It is recommended you use shorter names to reduce the likelihood of issues.
WARNING: [Vivado 12-3523] Attempt to change 'Component_Name' from 'histogram_axis_tmi_2pix_c_counter_binary_v12_0_i0' to 'histogram_axis_tmi_2pix_c_counter_binary_v12_0_i0' is not allowed and is ignored.
****** Webtalk v2016.3 (64-bit)
  **** SW Build 1682563 on Mon Oct 10 19:07:27 MDT 2016
  **** IP Build 1681267 on Mon Oct 10 21:28:31 MDT 2016
    ** Copyright 1986-2016 Xilinx, Inc. All Rights Reserved.

source D:/Telops/FIR-00251-Proc/src/AEC/HDL/2pix_netlist_325/hdl_netlist/histogram_axis_tmi_2pix.hw/webtalk/labtool_webtalk.tcl -notrace
INFO: [Common 17-186] 'D:/Telops/FIR-00251-Proc/src/AEC/HDL/2pix_netlist_325/hdl_netlist/histogram_axis_tmi_2pix.hw/webtalk/usage_statistics_ext_labtool.xml' has been successfully sent to Xilinx on Tue Mar 14 21:20:12 2017. For additional details about this file, please refer to the WebTalk help file at D:/Xilinx/Vivado/2016.3/doc/webtalk_introduction.html.
INFO: [Common 17-206] Exiting Webtalk at Tue Mar 14 21:20:12 2017...
INFO: [Common 17-206] Exiting Vivado at Tue Mar 14 21:20:12 2017...
