Active-HDL 9.3.2744.sp1.09.4995  2016-11-27 12:46:52

Elaboration top modules:
Architecture                  TB_ARCHITECTURE(quad_receiver_tb_tb)


-----------------------------------------------------------------------------------------------------------------------------------
Entity                       | Architecture      | Library          | Info | Compiler Version                | Compilation Options
-----------------------------------------------------------------------------------------------------------------------------------
quad_receiver_tb_tb          | TB_ARCHITECTURE   | afpa_quad_serdes |      | 9.3.2744.sp1.09.4995  (Windows) | -O3
quad_receiver_tb             | sch               | afpa_quad_serdes |      | 9.3.2744.sp1.09.4995  (Windows) | -O3
clink_calibration            | clink_calibration | afpa_quad_serdes |      | 9.3.2744.sp1.09.4995  (Windows) | -O3
quad_pattern_validator       | sch               | afpa_quad_serdes |      | 9.3.2744.sp1.09.4995  (Windows) | -O3
clink_delay_ctrl             | rtl               | afpa_quad_serdes |      | 9.3.2744.sp1.09.4995  (Windows) | -O3
clink_bitslip_ctrl           | rtl               | afpa_quad_serdes |      | 9.3.2744.sp1.09.4995  (Windows) | -O3
sync_reset                   | rtl               | afpa_quad_serdes |      | 9.3.2744.sp1.09.4995  (Windows) | -O3
adc_pattern_validator        | rtl               | afpa_quad_serdes |      | 9.3.2744.sp1.09.4995  (Windows) | -O3
adc_pattern_validator_ctrler | rtl               | afpa_quad_serdes |      | 9.3.2744.sp1.09.4995  (Windows) | -O3
clk_divider_pulse            | rtl               | afpa_quad_serdes |      | 9.3.2744.sp1.09.4995  (Windows) | -O3
-----------------------------------------------------------------------------------------------------------------------------------

-----------------------------------------------------------------------------------------------------------------------------------
VHDL Package                                     | Library          | Info | Compiler Version                | Compilation Options
-----------------------------------------------------------------------------------------------------------------------------------
standard                                         | std              |      |                                 | 
TEXTIO                                           | std              |      | 9.3.2744.sp1.09.4995  (Windows) |  -2008
std_logic_1164                                   | ieee             |      | 9.3.2744.sp1.09.4995  (Windows) |  -2008
NUMERIC_STD                                      | ieee             |      | 9.3.2744.sp1.09.4995  (Windows) |  -2008
std_logic_arith                                  | ieee             |      | 9.3.2744.sp1.09.4995  (Windows) | 
STD_LOGIC_UNSIGNED                               | ieee             |      | 9.3.2744.sp1.09.4995  (Windows) | 
fpa_serdes_define                                | afpa_quad_serdes |      | 9.3.2744.sp1.09.4995  (Windows) | -O3
-----------------------------------------------------------------------------------------------------------------------------------

-----------------------------------------------------------------------------------------------------------------------------------
Library                                          | Comment
-----------------------------------------------------------------------------------------------------------------------------------
afpa_quad_serdes                                 | None
ieee                                             | Standard IEEE packages library
std                                              | Standard VHDL library
-----------------------------------------------------------------------------------------------------------------------------------


Simulation Options: asim -ses quad_receiver_tb_TB


The performance of simulation is reduced. Version PE
