#-----------------------------------------------------------
# Vivado v2013.4 (64-bit)
# SW Build 353583 on Mon Dec  9 17:49:19 MST 2013
# IP Build 208076 on Mon Dec  2 12:38:17 MST 2013
# Start of session at: Thu Dec 04 09:28:52 2014
# Process ID: 66352
# Log file: D:/Telops/FIR-00251-Proc/src/AEC/HDL/netlist/hdl_netlist/vivado.log
# Journal file: D:/Telops/FIR-00251-Proc/src/AEC/HDL/netlist/hdl_netlist\vivado.jou
#-----------------------------------------------------------
Attempting to get a license: Implementation
Feature available: Implementation
Loading parts and site information from D:/Xilinx/Vivado/2013.4/data/parts/arch.xml
Parsing RTL primitives file [D:/Xilinx/Vivado/2013.4/data/parts/xilinx/rtl/prims/rtl_prims.xml]
Finished parsing RTL primitives file [D:/Xilinx/Vivado/2013.4/data/parts/xilinx/rtl/prims/rtl_prims.xml]
start_gui
open_project {D:\Telops\FIR-00251-Proc\src\AEC\HDL\netlist\hdl_netlist\histogram_axis_tmi.xpr}
Scanning sources...
Finished scanning sources
INFO: [IP_Flow 19-234] Refreshing IP repositories
INFO: [IP_Flow 19-1704] No user IP repositories specified
INFO: [IP_Flow 19-2313] Loaded Vivado IP repository 'D:/Xilinx/Vivado/2013.4/data/ip'.
update_compile_order -fileset sources_1
update_compile_order -fileset sim_1
generate_target all [get_files  {D:/Telops/FIR-00251-Proc/src/AEC/HDL/netlist/hdl_netlist/histogram_axis_tmi.srcs/sources_1/ip/histogram_axis_tmi_c_counter_binary_v12_0_0/histogram_axis_tmi_c_counter_binary_v12_0_0.xci D:/Telops/FIR-00251-Proc/src/AEC/HDL/netlist/hdl_netlist/histogram_axis_tmi.srcs/sources_1/ip/histogram_axis_tmi_c_addsub_v12_0_0/histogram_axis_tmi_c_addsub_v12_0_0.xci D:/Telops/FIR-00251-Proc/src/AEC/HDL/netlist/hdl_netlist/histogram_axis_tmi.srcs/sources_1/ip/histogram_axis_tmi_blk_mem_gen_v8_1_0/histogram_axis_tmi_blk_mem_gen_v8_1_0.xci}]
INFO: [IP_Flow 19-1686] Generating 'Instantiation Template' target for IP 'histogram_axis_tmi_c_counter_binary_v12_0_0'...
INFO: [IP_Flow 19-1686] Generating 'Synthesis' target for IP 'histogram_axis_tmi_c_counter_binary_v12_0_0'...
INFO: [IP_Flow 19-1686] Generating 'Simulation' target for IP 'histogram_axis_tmi_c_counter_binary_v12_0_0'...
INFO: [IP_Flow 19-1686] Generating 'Change Log' target for IP 'histogram_axis_tmi_c_counter_binary_v12_0_0'...
INFO: [IP_Flow 19-1686] Generating 'Instantiation Template' target for IP 'histogram_axis_tmi_c_addsub_v12_0_0'...
INFO: [IP_Flow 19-1686] Generating 'Synthesis' target for IP 'histogram_axis_tmi_c_addsub_v12_0_0'...
INFO: [IP_Flow 19-1686] Generating 'Simulation' target for IP 'histogram_axis_tmi_c_addsub_v12_0_0'...
INFO: [IP_Flow 19-1686] Generating 'Change Log' target for IP 'histogram_axis_tmi_c_addsub_v12_0_0'...
INFO: [IP_Flow 19-1686] Generating 'Instantiation Template' target for IP 'histogram_axis_tmi_blk_mem_gen_v8_1_0'...
INFO: [IP_Flow 19-1686] Generating 'Synthesis' target for IP 'histogram_axis_tmi_blk_mem_gen_v8_1_0'...
INFO: [IP_Flow 19-1686] Generating 'Simulation' target for IP 'histogram_axis_tmi_blk_mem_gen_v8_1_0'...
INFO: [IP_Flow 19-1686] Generating 'Change Log' target for IP 'histogram_axis_tmi_blk_mem_gen_v8_1_0'...
generate_target: Time (s): cpu = 00:00:06 ; elapsed = 00:00:06 . Memory (MB): peak = 1076.637 ; gain = 0.000
create_ip_run [get_files -of_objects [get_fileset sources_1] D:/Telops/FIR-00251-Proc/src/AEC/HDL/netlist/hdl_netlist/histogram_axis_tmi.srcs/sources_1/ip/histogram_axis_tmi_c_counter_binary_v12_0_0/histogram_axis_tmi_c_counter_binary_v12_0_0.xci]
create_ip_run [get_files -of_objects [get_fileset sources_1] D:/Telops/FIR-00251-Proc/src/AEC/HDL/netlist/hdl_netlist/histogram_axis_tmi.srcs/sources_1/ip/histogram_axis_tmi_c_addsub_v12_0_0/histogram_axis_tmi_c_addsub_v12_0_0.xci]
create_ip_run [get_files -of_objects [get_fileset sources_1] D:/Telops/FIR-00251-Proc/src/AEC/HDL/netlist/hdl_netlist/histogram_axis_tmi.srcs/sources_1/ip/histogram_axis_tmi_blk_mem_gen_v8_1_0/histogram_axis_tmi_blk_mem_gen_v8_1_0.xci]
launch_run -jobs 7 {histogram_axis_tmi_c_counter_binary_v12_0_0_synth_1 histogram_axis_tmi_c_addsub_v12_0_0_synth_1 histogram_axis_tmi_blk_mem_gen_v8_1_0_synth_1}
[Thu Dec 04 09:35:04 2014] Launched histogram_axis_tmi_c_counter_binary_v12_0_0_synth_1, histogram_axis_tmi_c_addsub_v12_0_0_synth_1, histogram_axis_tmi_blk_mem_gen_v8_1_0_synth_1...
Run output will be captured here:
histogram_axis_tmi_c_counter_binary_v12_0_0_synth_1: D:/Telops/FIR-00251-Proc/src/AEC/HDL/netlist/hdl_netlist/histogram_axis_tmi.runs/histogram_axis_tmi_c_counter_binary_v12_0_0_synth_1/runme.log
histogram_axis_tmi_c_addsub_v12_0_0_synth_1: D:/Telops/FIR-00251-Proc/src/AEC/HDL/netlist/hdl_netlist/histogram_axis_tmi.runs/histogram_axis_tmi_c_addsub_v12_0_0_synth_1/runme.log
histogram_axis_tmi_blk_mem_gen_v8_1_0_synth_1: D:/Telops/FIR-00251-Proc/src/AEC/HDL/netlist/hdl_netlist/histogram_axis_tmi.runs/histogram_axis_tmi_blk_mem_gen_v8_1_0_synth_1/runme.log
exit
INFO: [Common 17-206] Exiting Vivado at Thu Dec 11 12:18:32 2014...
