Copyright 1986-2018 Xilinx, Inc. All Rights Reserved.
--------------------------------------------------------------------------------------------------------------------------------------
| Tool Version     : Vivado v.2018.3_AR71948_AR71898 (win64) Build 2405991 Thu Dec  6 23:38:27 MST 2018
| Date             : Wed Sep 11 10:24:37 2024
| Host             : Telops330 running 64-bit major release  (build 9200)
| Command          : report_power -file d:/Telops/fir-00251-Proc/Reports/isc0804A_2k/fir_00251_proc_325_isc0804A_2k_power.rpt
| Design           : fir_00251_proc_isc0804A_2k
| Device           : xc7k325tfbg676-1
| Design State     : routed
| Grade            : industrial
| Process          : typical
| Characterization : Production
--------------------------------------------------------------------------------------------------------------------------------------

Power Report

Table of Contents
-----------------
1. Summary
1.1 On-Chip Components
1.2 Power Supply Summary
1.3 Confidence Level
2. Settings
2.1 Environment
2.2 Clock Constraints
3. Detailed Reports
3.1 By Hierarchy

1. Summary
----------

+--------------------------+--------------+
| Total On-Chip Power (W)  | 6.847        |
| Design Power Budget (W)  | Unspecified* |
| Power Budget Margin (W)  | NA           |
| Dynamic (W)              | 6.605        |
| Device Static (W)        | 0.243        |
| Effective TJA (C/W)      | 1.9          |
| Max Ambient (C)          | 87.2         |
| Junction Temperature (C) | 37.8         |
| Confidence Level         | Low          |
| Setting File             | ---          |
| Simulation Activity File | ---          |
| Design Nets Matched      | NA           |
+--------------------------+--------------+
* Specify Design Power Budget using, set_operating_conditions -design_power_budget <value in Watts>


1.1 On-Chip Components
----------------------

+--------------------------+-----------+----------+-----------+-----------------+
| On-Chip                  | Power (W) | Used     | Available | Utilization (%) |
+--------------------------+-----------+----------+-----------+-----------------+
| Clocks                   |     0.893 |      104 |       --- |             --- |
| Slice Logic              |     0.403 |   377466 |       --- |             --- |
|   LUT as Logic           |     0.311 |   108374 |    203800 |           53.18 |
|   Register               |     0.043 |   190091 |    407600 |           46.64 |
|   CARRY4                 |     0.034 |     7970 |     50950 |           15.64 |
|   LUT as Shift Register  |     0.012 |     8012 |     64000 |           12.52 |
|   LUT as Distributed RAM |     0.004 |     3780 |     64000 |            5.91 |
|   F7/F8 Muxes            |    <0.001 |     1006 |    203800 |            0.49 |
|   Others                 |    <0.001 |    25387 |       --- |             --- |
|   BUFR                   |     0.000 |        1 |       208 |            0.48 |
| Signals                  |     0.580 |   280577 |       --- |             --- |
| Block RAM                |     0.273 |      279 |       445 |           62.70 |
| MMCM                     |     0.522 |        5 |        10 |           50.00 |
| PLL                      |     0.281 |        5 |        10 |           50.00 |
| DSPs                     |     0.347 |      418 |       840 |           49.76 |
| I/O                      |     1.564 |      333 |       400 |           83.25 |
| GTX                      |     1.212 |        4 |         8 |           50.00 |
| PHASER                   |     0.527 |       58 |       --- |             --- |
| XADC                     |     0.002 |        1 |       --- |             --- |
| Static Power             |     0.243 |          |           |                 |
| Total                    |     6.847 |          |           |                 |
+--------------------------+-----------+----------+-----------+-----------------+


1.2 Power Supply Summary
------------------------

+-----------+-------------+-----------+-------------+------------+
| Source    | Voltage (V) | Total (A) | Dynamic (A) | Static (A) |
+-----------+-------------+-----------+-------------+------------+
| Vccint    |       1.000 |     2.896 |       2.774 |      0.122 |
| Vccaux    |       1.800 |     1.052 |       1.021 |      0.030 |
| Vcco33    |       3.300 |     0.004 |       0.003 |      0.001 |
| Vcco25    |       2.500 |     0.027 |       0.026 |      0.001 |
| Vcco18    |       1.800 |     0.000 |       0.000 |      0.000 |
| Vcco15    |       1.500 |     0.536 |       0.535 |      0.001 |
| Vcco135   |       1.350 |     0.000 |       0.000 |      0.000 |
| Vcco12    |       1.200 |     0.000 |       0.000 |      0.000 |
| Vccaux_io |       1.800 |     0.000 |       0.000 |      0.000 |
| Vccbram   |       1.000 |     0.024 |       0.015 |      0.009 |
| MGTAVcc   |       1.000 |     0.685 |       0.678 |      0.007 |
| MGTAVtt   |       1.200 |     0.355 |       0.350 |      0.005 |
| MGTVccaux |       1.800 |     0.000 |       0.000 |      0.000 |
| Vccadc    |       1.800 |     0.021 |       0.001 |      0.020 |
+-----------+-------------+-----------+-------------+------------+


1.3 Confidence Level
--------------------

+-----------------------------+------------+--------------------------------------------------------+------------------------------------------------------------------------------------------------------------+
| User Input Data             | Confidence | Details                                                | Action                                                                                                     |
+-----------------------------+------------+--------------------------------------------------------+------------------------------------------------------------------------------------------------------------+
| Design implementation state | High       | Design is routed                                       |                                                                                                            |
| Clock nodes activity        | High       | User specified more than 95% of clocks                 |                                                                                                            |
| I/O nodes activity          | Low        | More than 75% of inputs are missing user specification | Provide missing input activity with simulation results or by editing the "By Resource Type -> I/Os" view   |
| Internal nodes activity     | Medium     | User specified less than 25% of internal nodes         | Provide missing internal nodes activity with simulation results or by editing the "By Resource Type" views |
| Device models               | High       | Device models are Production                           |                                                                                                            |
|                             |            |                                                        |                                                                                                            |
| Overall confidence level    | Low        |                                                        |                                                                                                            |
+-----------------------------+------------+--------------------------------------------------------+------------------------------------------------------------------------------------------------------------+


2. Settings
-----------

2.1 Environment
---------------

+-----------------------+--------------------------+
| Ambient Temp (C)      | 25.0                     |
| ThetaJA (C/W)         | 1.9                      |
| Airflow (LFM)         | 250                      |
| Heat Sink             | medium (Medium Profile)  |
| ThetaSA (C/W)         | 3.4                      |
| Board Selection       | medium (10"x10")         |
| # of Board Layers     | 12to15 (12 to 15 Layers) |
| Board Temperature (C) | 25.0                     |
+-----------------------+--------------------------+


2.2 Clock Constraints
---------------------

+-------------------------------------------------------------------------------------------------------------------------------------------------------------+-------------------------------------------------------------------------------------------------------------------------------------------------------------------------------------------------------------------------------------------------------------------------+-----------------+
| Clock                                                                                                                                                       | Domain                                                                                                                                                                                                                                                                  | Constraint (ns) |
+-------------------------------------------------------------------------------------------------------------------------------------------------------------+-------------------------------------------------------------------------------------------------------------------------------------------------------------------------------------------------------------------------------------------------------------------------+-----------------+
| ACQ/BD/MIG_4DDR.core_wrapper_i/core_4DDR_i/MCU/mdm_1/U0/Use_E2.BSCAN_I/Use_E2.BSCANE2_I/DRCK                                                                | ACQ/BD/MIG_4DDR.core_wrapper_i/core_4DDR_i/MCU/mdm_1/U0/Use_E2.BSCAN_I/DRCK                                                                                                                                                                                             |            33.3 |
| ACQ/BD/MIG_4DDR.core_wrapper_i/core_4DDR_i/MCU/mdm_1/U0/Use_E2.BSCAN_I/Use_E2.BSCANE2_I/UPDATE                                                              | ACQ/BD/MIG_4DDR.core_wrapper_i/core_4DDR_i/MCU/mdm_1/U0/Use_E2.BSCAN_I/Ext_JTAG_UPDATE                                                                                                                                                                                  |            33.3 |
| ACQ/MGT/MGTS/DATA/inst/data_mgt_wrapper_i/data_mgt_multi_gt_i/data_mgt_gtx_inst/gtxe2_i/RXOUTCLK                                                            | ACQ/MGT/MGTS/DATA/inst/data_mgt_wrapper_i/data_mgt_multi_gt_i/data_mgt_gtx_inst/rxrecclk_from_gtx_i                                                                                                                                                                     |             5.1 |
| ACQ/MGT/MGTS/DATA/inst/data_mgt_wrapper_i/data_mgt_multi_gt_i/data_mgt_gtx_inst/gtxe2_i/TXOUTCLK                                                            | ACQ/MGT/MGTS/DATA/inst/data_mgt_wrapper_i/data_mgt_multi_gt_i/data_mgt_gtx_inst/tx_out_clk                                                                                                                                                                              |             5.1 |
| ACQ/MGT/MGTS/EXP/inst/exp_mgt_wrapper_i/exp_mgt_multi_gt_i/exp_mgt_gtx_inst/gtxe2_i/RXOUTCLK                                                                | ACQ/MGT/MGTS/EXP/inst/exp_mgt_wrapper_i/exp_mgt_multi_gt_i/exp_mgt_gtx_inst/rxrecclk_from_gtx_i                                                                                                                                                                         |             5.1 |
| ACQ/MGT/MGTS/gen_mgt_2ch.VIDEO/inst/video_mgt_wrapper_i/video_mgt_multi_gt_i/video_mgt_gtx_inst/gtxe2_i/RXOUTCLK                                            | ACQ/MGT/MGTS/gen_mgt_2ch.VIDEO/inst/video_mgt_wrapper_i/video_mgt_multi_gt_i/video_mgt_gtx_inst/rxrecclk_from_gtx_i                                                                                                                                                     |             5.1 |
| CH0_CLK                                                                                                                                                     | CH0_CLK_P                                                                                                                                                                                                                                                               |            28.6 |
| CH0_CLK                                                                                                                                                     | U1/CH0/ext_clk_in                                                                                                                                                                                                                                                       |            28.6 |
| CH3_CLK                                                                                                                                                     | CH3_CLK_P                                                                                                                                                                                                                                                               |            28.6 |
| CH3_CLK                                                                                                                                                     | U1/CH3/ext_clk_in                                                                                                                                                                                                                                                       |            28.6 |
| MGT_CLK_0                                                                                                                                                   | AURORA_CLK_P0                                                                                                                                                                                                                                                           |             8.0 |
| MIG_CAL_UI_CLK                                                                                                                                              | ACQ/BD/MIG_4DDR.core_wrapper_i/core_4DDR_i/MIG_Calibration/CAL_DDR_MIG/u_core_4DDR_CAL_DDR_MIG_0_mig/u_ddr3_infrastructure/clk_pll_i                                                                                                                                    |            10.0 |
| SYS_CLK_P0                                                                                                                                                  | SYS_CLK_P0                                                                                                                                                                                                                                                              |             5.0 |
| SYS_CLK_P1                                                                                                                                                  | SYS_CLK_P1                                                                                                                                                                                                                                                              |             5.0 |
| clk_200                                                                                                                                                     | ACQ/BD/MIG_4DDR.core_wrapper_i/core_4DDR_i/MIG_Code/mig_7series_0/u_core_4DDR_mig_7series_0_0_mig/u_ddr3_infrastructure/mmcm_clkout0                                                                                                                                    |             5.0 |
| clk_cal                                                                                                                                                     | ACQ/BD/MIG_4DDR.core_wrapper_i/core_4DDR_i/clk_wiz_1/inst/clk_out1_core_4DDR_clk_wiz_1_0                                                                                                                                                                                |             5.9 |
| clk_data                                                                                                                                                    | ACQ/BD/MIG_4DDR.core_wrapper_i/core_4DDR_i/clk_wiz_1/inst/clk_out2_core_4DDR_clk_wiz_1_0                                                                                                                                                                                |            11.8 |
| clk_irig                                                                                                                                                    | ACQ/BD/MIG_4DDR.core_wrapper_i/core_4DDR_i/MIG_Code/mig_7series_0/u_core_4DDR_mig_7series_0_0_mig/u_ddr3_infrastructure/mmcm_clkout2                                                                                                                                    |            50.0 |
| clk_mb                                                                                                                                                      | ACQ/BD/MIG_4DDR.core_wrapper_i/core_4DDR_i/MIG_Code/mig_7series_0/u_core_4DDR_mig_7series_0_0_mig/u_ddr3_infrastructure/clk_pll_i                                                                                                                                       |            10.0 |
| clk_mgt_init                                                                                                                                                | ACQ/BD/MIG_4DDR.core_wrapper_i/core_4DDR_i/MIG_Code/mig_7series_0/u_core_4DDR_mig_7series_0_0_mig/u_ddr3_infrastructure/mmcm_clkout1                                                                                                                                    |            20.0 |
| clk_out_mult7_serdes_clkin_35_0_MHz_mmcm                                                                                                                    | U1/CH0/master_gen.U14/Gen_35_0M.Ux/inst/clk_out_mult7_serdes_clkin_35_0_MHz_mmcm                                                                                                                                                                                        |             4.1 |
| clk_out_mult7_serdes_clkin_35_0_MHz_mmcm_1                                                                                                                  | U1/CH3/master_gen.U14/Gen_35_0M.Ux/inst/clk_out_mult7_serdes_clkin_35_0_MHz_mmcm                                                                                                                                                                                        |             4.1 |
| clk_out_serdes_clkin_35_0_MHz_mmcm                                                                                                                          | U1/CH0/master_gen.U14/Gen_35_0M.Ux/inst/clk_out_serdes_clkin_35_0_MHz_mmcm                                                                                                                                                                                              |            28.6 |
| clk_out_serdes_clkin_35_0_MHz_mmcm_1                                                                                                                        | U1/CH3/master_gen.U14/Gen_35_0M.Ux/inst/clk_out_serdes_clkin_35_0_MHz_mmcm                                                                                                                                                                                              |            28.6 |
| clkfbout                                                                                                                                                    | ACQ/MGT/MGTS/DATA_CLOCK/U1/clkfbout                                                                                                                                                                                                                                     |             5.1 |
| clkfbout_core_4DDR_clk_wiz_1_0                                                                                                                              | ACQ/BD/MIG_4DDR.core_wrapper_i/core_4DDR_i/clk_wiz_1/inst/clkfbout_core_4DDR_clk_wiz_1_0                                                                                                                                                                                |            50.0 |
| clkfbout_isc0804A_17_5_MHz_mmcm_v3                                                                                                                          | U3/U26/U2/U3/inst/clkfbout_isc0804A_17_5_MHz_mmcm_v3                                                                                                                                                                                                                    |            50.0 |
| clkfbout_serdes_clkin_35_0_MHz_mmcm                                                                                                                         | U1/CH0/master_gen.U14/Gen_35_0M.Ux/inst/clkfbout_serdes_clkin_35_0_MHz_mmcm                                                                                                                                                                                             |            28.6 |
| clkfbout_serdes_clkin_35_0_MHz_mmcm_1                                                                                                                       | U1/CH3/master_gen.U14/Gen_35_0M.Ux/inst/clkfbout_serdes_clkin_35_0_MHz_mmcm                                                                                                                                                                                             |            28.6 |
| clkfbout_usart_mmcm                                                                                                                                         | ACQ/BULK_USART/U11/inst/clkfbout_usart_mmcm                                                                                                                                                                                                                             |            60.0 |
| freq_refclk                                                                                                                                                 | ACQ/BD/MIG_4DDR.core_wrapper_i/core_4DDR_i/MIG_Calibration/CAL_DDR_MIG/u_core_4DDR_CAL_DDR_MIG_0_mig/u_ddr3_infrastructure/freq_refclk                                                                                                                                  |             1.2 |
| freq_refclk_1                                                                                                                                               | ACQ/BD/MIG_4DDR.core_wrapper_i/core_4DDR_i/MIG_Code/mig_7series_0/u_core_4DDR_mig_7series_0_0_mig/u_ddr3_infrastructure/freq_refclk                                                                                                                                     |             1.3 |
| iserdes_clkdiv                                                                                                                                              | ACQ/BD/MIG_4DDR.core_wrapper_i/core_4DDR_i/MIG_Calibration/CAL_DDR_MIG/u_core_4DDR_CAL_DDR_MIG_0_mig/u_memc_ui_top_axi/mem_intfc0/ddr_phy_top0/u_ddr_mc_phy_wrapper/u_ddr_mc_phy/ddr_phy_4lanes_0.u_ddr_phy_4lanes/ddr_byte_lane_A.ddr_byte_lane_A/iserdes_clkdiv       |            10.0 |
| iserdes_clkdiv_1                                                                                                                                            | ACQ/BD/MIG_4DDR.core_wrapper_i/core_4DDR_i/MIG_Calibration/CAL_DDR_MIG/u_core_4DDR_CAL_DDR_MIG_0_mig/u_memc_ui_top_axi/mem_intfc0/ddr_phy_top0/u_ddr_mc_phy_wrapper/u_ddr_mc_phy/ddr_phy_4lanes_0.u_ddr_phy_4lanes/ddr_byte_lane_B.ddr_byte_lane_B/iserdes_clkdiv       |            10.0 |
| iserdes_clkdiv_2                                                                                                                                            | ACQ/BD/MIG_4DDR.core_wrapper_i/core_4DDR_i/MIG_Calibration/CAL_DDR_MIG/u_core_4DDR_CAL_DDR_MIG_0_mig/u_memc_ui_top_axi/mem_intfc0/ddr_phy_top0/u_ddr_mc_phy_wrapper/u_ddr_mc_phy/ddr_phy_4lanes_0.u_ddr_phy_4lanes/ddr_byte_lane_C.ddr_byte_lane_C/iserdes_clkdiv       |            10.0 |
| iserdes_clkdiv_3                                                                                                                                            | ACQ/BD/MIG_4DDR.core_wrapper_i/core_4DDR_i/MIG_Calibration/CAL_DDR_MIG/u_core_4DDR_CAL_DDR_MIG_0_mig/u_memc_ui_top_axi/mem_intfc0/ddr_phy_top0/u_ddr_mc_phy_wrapper/u_ddr_mc_phy/ddr_phy_4lanes_0.u_ddr_phy_4lanes/ddr_byte_lane_D.ddr_byte_lane_D/iserdes_clkdiv       |            10.0 |
| iserdes_clkdiv_4                                                                                                                                            | ACQ/BD/MIG_4DDR.core_wrapper_i/core_4DDR_i/MIG_Calibration/CAL_DDR_MIG/u_core_4DDR_CAL_DDR_MIG_0_mig/u_memc_ui_top_axi/mem_intfc0/ddr_phy_top0/u_ddr_mc_phy_wrapper/u_ddr_mc_phy/ddr_phy_4lanes_2.u_ddr_phy_4lanes/ddr_byte_lane_A.ddr_byte_lane_A/iserdes_clkdiv       |            10.0 |
| iserdes_clkdiv_5                                                                                                                                            | ACQ/BD/MIG_4DDR.core_wrapper_i/core_4DDR_i/MIG_Calibration/CAL_DDR_MIG/u_core_4DDR_CAL_DDR_MIG_0_mig/u_memc_ui_top_axi/mem_intfc0/ddr_phy_top0/u_ddr_mc_phy_wrapper/u_ddr_mc_phy/ddr_phy_4lanes_2.u_ddr_phy_4lanes/ddr_byte_lane_B.ddr_byte_lane_B/iserdes_clkdiv       |            10.0 |
| iserdes_clkdiv_6                                                                                                                                            | ACQ/BD/MIG_4DDR.core_wrapper_i/core_4DDR_i/MIG_Calibration/CAL_DDR_MIG/u_core_4DDR_CAL_DDR_MIG_0_mig/u_memc_ui_top_axi/mem_intfc0/ddr_phy_top0/u_ddr_mc_phy_wrapper/u_ddr_mc_phy/ddr_phy_4lanes_2.u_ddr_phy_4lanes/ddr_byte_lane_C.ddr_byte_lane_C/iserdes_clkdiv       |            10.0 |
| iserdes_clkdiv_7                                                                                                                                            | ACQ/BD/MIG_4DDR.core_wrapper_i/core_4DDR_i/MIG_Calibration/CAL_DDR_MIG/u_core_4DDR_CAL_DDR_MIG_0_mig/u_memc_ui_top_axi/mem_intfc0/ddr_phy_top0/u_ddr_mc_phy_wrapper/u_ddr_mc_phy/ddr_phy_4lanes_2.u_ddr_phy_4lanes/ddr_byte_lane_D.ddr_byte_lane_D/iserdes_clkdiv       |            10.0 |
| iserdes_clkdiv_8                                                                                                                                            | ACQ/BD/MIG_4DDR.core_wrapper_i/core_4DDR_i/MIG_Code/mig_7series_0/u_core_4DDR_mig_7series_0_0_mig/u_memc_ui_top_axi/mem_intfc0/ddr_phy_top0/u_ddr_mc_phy_wrapper/u_ddr_mc_phy/ddr_phy_4lanes_0.u_ddr_phy_4lanes/ddr_byte_lane_A.ddr_byte_lane_A/iserdes_clkdiv          |            10.0 |
| iserdes_clkdiv_9                                                                                                                                            | ACQ/BD/MIG_4DDR.core_wrapper_i/core_4DDR_i/MIG_Code/mig_7series_0/u_core_4DDR_mig_7series_0_0_mig/u_memc_ui_top_axi/mem_intfc0/ddr_phy_top0/u_ddr_mc_phy_wrapper/u_ddr_mc_phy/ddr_phy_4lanes_0.u_ddr_phy_4lanes/ddr_byte_lane_D.ddr_byte_lane_D/iserdes_clkdiv          |            10.0 |
| mclk_source_isc0804A_17_5_MHz_mmcm_v3                                                                                                                       | U3/U26/U2/U3/inst/mclk_source_isc0804A_17_5_MHz_mmcm_v3                                                                                                                                                                                                                 |             7.1 |
| mem_refclk                                                                                                                                                  | ACQ/BD/MIG_4DDR.core_wrapper_i/core_4DDR_i/MIG_Calibration/CAL_DDR_MIG/u_core_4DDR_CAL_DDR_MIG_0_mig/u_ddr3_infrastructure/mem_refclk                                                                                                                                   |             2.5 |
| mem_refclk_1                                                                                                                                                | ACQ/BD/MIG_4DDR.core_wrapper_i/core_4DDR_i/MIG_Code/mig_7series_0/u_core_4DDR_mig_7series_0_0_mig/u_ddr3_infrastructure/mem_refclk                                                                                                                                      |             2.5 |
| oserdes_clk                                                                                                                                                 | ACQ/BD/MIG_4DDR.core_wrapper_i/core_4DDR_i/MIG_Calibration/CAL_DDR_MIG/u_core_4DDR_CAL_DDR_MIG_0_mig/u_memc_ui_top_axi/mem_intfc0/ddr_phy_top0/u_ddr_mc_phy_wrapper/u_ddr_mc_phy/ddr_phy_4lanes_0.u_ddr_phy_4lanes/ddr_byte_lane_A.ddr_byte_lane_A/oserdes_clk          |             2.5 |
| oserdes_clk_1                                                                                                                                               | ACQ/BD/MIG_4DDR.core_wrapper_i/core_4DDR_i/MIG_Calibration/CAL_DDR_MIG/u_core_4DDR_CAL_DDR_MIG_0_mig/u_memc_ui_top_axi/mem_intfc0/ddr_phy_top0/u_ddr_mc_phy_wrapper/u_ddr_mc_phy/ddr_phy_4lanes_0.u_ddr_phy_4lanes/ddr_byte_lane_B.ddr_byte_lane_B/oserdes_clk          |             2.5 |
| oserdes_clk_10                                                                                                                                              | ACQ/BD/MIG_4DDR.core_wrapper_i/core_4DDR_i/MIG_Calibration/CAL_DDR_MIG/u_core_4DDR_CAL_DDR_MIG_0_mig/u_memc_ui_top_axi/mem_intfc0/ddr_phy_top0/u_ddr_mc_phy_wrapper/u_ddr_mc_phy/ddr_phy_4lanes_2.u_ddr_phy_4lanes/ddr_byte_lane_D.ddr_byte_lane_D/oserdes_clk          |             2.5 |
| oserdes_clk_11                                                                                                                                              | ACQ/BD/MIG_4DDR.core_wrapper_i/core_4DDR_i/MIG_Code/mig_7series_0/u_core_4DDR_mig_7series_0_0_mig/u_memc_ui_top_axi/mem_intfc0/ddr_phy_top0/u_ddr_mc_phy_wrapper/u_ddr_mc_phy/ddr_phy_4lanes_0.u_ddr_phy_4lanes/ddr_byte_lane_A.ddr_byte_lane_A/oserdes_clk             |             2.5 |
| oserdes_clk_12                                                                                                                                              | ACQ/BD/MIG_4DDR.core_wrapper_i/core_4DDR_i/MIG_Code/mig_7series_0/u_core_4DDR_mig_7series_0_0_mig/u_memc_ui_top_axi/mem_intfc0/ddr_phy_top0/u_ddr_mc_phy_wrapper/u_ddr_mc_phy/ddr_phy_4lanes_0.u_ddr_phy_4lanes/ddr_byte_lane_B.ddr_byte_lane_B/oserdes_clk             |             2.5 |
| oserdes_clk_13                                                                                                                                              | ACQ/BD/MIG_4DDR.core_wrapper_i/core_4DDR_i/MIG_Code/mig_7series_0/u_core_4DDR_mig_7series_0_0_mig/u_memc_ui_top_axi/mem_intfc0/ddr_phy_top0/u_ddr_mc_phy_wrapper/u_ddr_mc_phy/ddr_phy_4lanes_0.u_ddr_phy_4lanes/ddr_byte_lane_C.ddr_byte_lane_C/oserdes_clk             |             2.5 |
| oserdes_clk_14                                                                                                                                              | ACQ/BD/MIG_4DDR.core_wrapper_i/core_4DDR_i/MIG_Code/mig_7series_0/u_core_4DDR_mig_7series_0_0_mig/u_memc_ui_top_axi/mem_intfc0/ddr_phy_top0/u_ddr_mc_phy_wrapper/u_ddr_mc_phy/ddr_phy_4lanes_0.u_ddr_phy_4lanes/ddr_byte_lane_D.ddr_byte_lane_D/oserdes_clk             |             2.5 |
| oserdes_clk_2                                                                                                                                               | ACQ/BD/MIG_4DDR.core_wrapper_i/core_4DDR_i/MIG_Calibration/CAL_DDR_MIG/u_core_4DDR_CAL_DDR_MIG_0_mig/u_memc_ui_top_axi/mem_intfc0/ddr_phy_top0/u_ddr_mc_phy_wrapper/u_ddr_mc_phy/ddr_phy_4lanes_0.u_ddr_phy_4lanes/ddr_byte_lane_C.ddr_byte_lane_C/oserdes_clk          |             2.5 |
| oserdes_clk_3                                                                                                                                               | ACQ/BD/MIG_4DDR.core_wrapper_i/core_4DDR_i/MIG_Calibration/CAL_DDR_MIG/u_core_4DDR_CAL_DDR_MIG_0_mig/u_memc_ui_top_axi/mem_intfc0/ddr_phy_top0/u_ddr_mc_phy_wrapper/u_ddr_mc_phy/ddr_phy_4lanes_0.u_ddr_phy_4lanes/ddr_byte_lane_D.ddr_byte_lane_D/oserdes_clk          |             2.5 |
| oserdes_clk_4                                                                                                                                               | ACQ/BD/MIG_4DDR.core_wrapper_i/core_4DDR_i/MIG_Calibration/CAL_DDR_MIG/u_core_4DDR_CAL_DDR_MIG_0_mig/u_memc_ui_top_axi/mem_intfc0/ddr_phy_top0/u_ddr_mc_phy_wrapper/u_ddr_mc_phy/ddr_phy_4lanes_1.u_ddr_phy_4lanes/ddr_byte_lane_B.ddr_byte_lane_B/oserdes_clk          |             2.5 |
| oserdes_clk_5                                                                                                                                               | ACQ/BD/MIG_4DDR.core_wrapper_i/core_4DDR_i/MIG_Calibration/CAL_DDR_MIG/u_core_4DDR_CAL_DDR_MIG_0_mig/u_memc_ui_top_axi/mem_intfc0/ddr_phy_top0/u_ddr_mc_phy_wrapper/u_ddr_mc_phy/ddr_phy_4lanes_1.u_ddr_phy_4lanes/ddr_byte_lane_C.ddr_byte_lane_C/oserdes_clk          |             2.5 |
| oserdes_clk_6                                                                                                                                               | ACQ/BD/MIG_4DDR.core_wrapper_i/core_4DDR_i/MIG_Calibration/CAL_DDR_MIG/u_core_4DDR_CAL_DDR_MIG_0_mig/u_memc_ui_top_axi/mem_intfc0/ddr_phy_top0/u_ddr_mc_phy_wrapper/u_ddr_mc_phy/ddr_phy_4lanes_1.u_ddr_phy_4lanes/ddr_byte_lane_D.ddr_byte_lane_D/oserdes_clk          |             2.5 |
| oserdes_clk_7                                                                                                                                               | ACQ/BD/MIG_4DDR.core_wrapper_i/core_4DDR_i/MIG_Calibration/CAL_DDR_MIG/u_core_4DDR_CAL_DDR_MIG_0_mig/u_memc_ui_top_axi/mem_intfc0/ddr_phy_top0/u_ddr_mc_phy_wrapper/u_ddr_mc_phy/ddr_phy_4lanes_2.u_ddr_phy_4lanes/ddr_byte_lane_A.ddr_byte_lane_A/oserdes_clk          |             2.5 |
| oserdes_clk_8                                                                                                                                               | ACQ/BD/MIG_4DDR.core_wrapper_i/core_4DDR_i/MIG_Calibration/CAL_DDR_MIG/u_core_4DDR_CAL_DDR_MIG_0_mig/u_memc_ui_top_axi/mem_intfc0/ddr_phy_top0/u_ddr_mc_phy_wrapper/u_ddr_mc_phy/ddr_phy_4lanes_2.u_ddr_phy_4lanes/ddr_byte_lane_B.ddr_byte_lane_B/oserdes_clk          |             2.5 |
| oserdes_clk_9                                                                                                                                               | ACQ/BD/MIG_4DDR.core_wrapper_i/core_4DDR_i/MIG_Calibration/CAL_DDR_MIG/u_core_4DDR_CAL_DDR_MIG_0_mig/u_memc_ui_top_axi/mem_intfc0/ddr_phy_top0/u_ddr_mc_phy_wrapper/u_ddr_mc_phy/ddr_phy_4lanes_2.u_ddr_phy_4lanes/ddr_byte_lane_C.ddr_byte_lane_C/oserdes_clk          |             2.5 |
| oserdes_clkdiv                                                                                                                                              | ACQ/BD/MIG_4DDR.core_wrapper_i/core_4DDR_i/MIG_Calibration/CAL_DDR_MIG/u_core_4DDR_CAL_DDR_MIG_0_mig/u_memc_ui_top_axi/mem_intfc0/ddr_phy_top0/u_ddr_mc_phy_wrapper/u_ddr_mc_phy/ddr_phy_4lanes_0.u_ddr_phy_4lanes/ddr_byte_lane_A.ddr_byte_lane_A/oserdes_clkdiv       |             5.0 |
| oserdes_clkdiv_1                                                                                                                                            | ACQ/BD/MIG_4DDR.core_wrapper_i/core_4DDR_i/MIG_Calibration/CAL_DDR_MIG/u_core_4DDR_CAL_DDR_MIG_0_mig/u_memc_ui_top_axi/mem_intfc0/ddr_phy_top0/u_ddr_mc_phy_wrapper/u_ddr_mc_phy/ddr_phy_4lanes_0.u_ddr_phy_4lanes/ddr_byte_lane_B.ddr_byte_lane_B/oserdes_clkdiv       |             5.0 |
| oserdes_clkdiv_10                                                                                                                                           | ACQ/BD/MIG_4DDR.core_wrapper_i/core_4DDR_i/MIG_Calibration/CAL_DDR_MIG/u_core_4DDR_CAL_DDR_MIG_0_mig/u_memc_ui_top_axi/mem_intfc0/ddr_phy_top0/u_ddr_mc_phy_wrapper/u_ddr_mc_phy/ddr_phy_4lanes_2.u_ddr_phy_4lanes/ddr_byte_lane_D.ddr_byte_lane_D/oserdes_clkdiv       |             5.0 |
| oserdes_clkdiv_11                                                                                                                                           | ACQ/BD/MIG_4DDR.core_wrapper_i/core_4DDR_i/MIG_Code/mig_7series_0/u_core_4DDR_mig_7series_0_0_mig/u_memc_ui_top_axi/mem_intfc0/ddr_phy_top0/u_ddr_mc_phy_wrapper/u_ddr_mc_phy/ddr_phy_4lanes_0.u_ddr_phy_4lanes/ddr_byte_lane_A.ddr_byte_lane_A/oserdes_clkdiv          |             5.0 |
| oserdes_clkdiv_12                                                                                                                                           | ACQ/BD/MIG_4DDR.core_wrapper_i/core_4DDR_i/MIG_Code/mig_7series_0/u_core_4DDR_mig_7series_0_0_mig/u_memc_ui_top_axi/mem_intfc0/ddr_phy_top0/u_ddr_mc_phy_wrapper/u_ddr_mc_phy/ddr_phy_4lanes_0.u_ddr_phy_4lanes/ddr_byte_lane_B.ddr_byte_lane_B/oserdes_clkdiv          |            10.0 |
| oserdes_clkdiv_13                                                                                                                                           | ACQ/BD/MIG_4DDR.core_wrapper_i/core_4DDR_i/MIG_Code/mig_7series_0/u_core_4DDR_mig_7series_0_0_mig/u_memc_ui_top_axi/mem_intfc0/ddr_phy_top0/u_ddr_mc_phy_wrapper/u_ddr_mc_phy/ddr_phy_4lanes_0.u_ddr_phy_4lanes/ddr_byte_lane_C.ddr_byte_lane_C/oserdes_clkdiv          |            10.0 |
| oserdes_clkdiv_14                                                                                                                                           | ACQ/BD/MIG_4DDR.core_wrapper_i/core_4DDR_i/MIG_Code/mig_7series_0/u_core_4DDR_mig_7series_0_0_mig/u_memc_ui_top_axi/mem_intfc0/ddr_phy_top0/u_ddr_mc_phy_wrapper/u_ddr_mc_phy/ddr_phy_4lanes_0.u_ddr_phy_4lanes/ddr_byte_lane_D.ddr_byte_lane_D/oserdes_clkdiv          |             5.0 |
| oserdes_clkdiv_2                                                                                                                                            | ACQ/BD/MIG_4DDR.core_wrapper_i/core_4DDR_i/MIG_Calibration/CAL_DDR_MIG/u_core_4DDR_CAL_DDR_MIG_0_mig/u_memc_ui_top_axi/mem_intfc0/ddr_phy_top0/u_ddr_mc_phy_wrapper/u_ddr_mc_phy/ddr_phy_4lanes_0.u_ddr_phy_4lanes/ddr_byte_lane_C.ddr_byte_lane_C/oserdes_clkdiv       |             5.0 |
| oserdes_clkdiv_3                                                                                                                                            | ACQ/BD/MIG_4DDR.core_wrapper_i/core_4DDR_i/MIG_Calibration/CAL_DDR_MIG/u_core_4DDR_CAL_DDR_MIG_0_mig/u_memc_ui_top_axi/mem_intfc0/ddr_phy_top0/u_ddr_mc_phy_wrapper/u_ddr_mc_phy/ddr_phy_4lanes_0.u_ddr_phy_4lanes/ddr_byte_lane_D.ddr_byte_lane_D/oserdes_clkdiv       |             5.0 |
| oserdes_clkdiv_4                                                                                                                                            | ACQ/BD/MIG_4DDR.core_wrapper_i/core_4DDR_i/MIG_Calibration/CAL_DDR_MIG/u_core_4DDR_CAL_DDR_MIG_0_mig/u_memc_ui_top_axi/mem_intfc0/ddr_phy_top0/u_ddr_mc_phy_wrapper/u_ddr_mc_phy/ddr_phy_4lanes_1.u_ddr_phy_4lanes/ddr_byte_lane_B.ddr_byte_lane_B/oserdes_clkdiv       |            10.0 |
| oserdes_clkdiv_5                                                                                                                                            | ACQ/BD/MIG_4DDR.core_wrapper_i/core_4DDR_i/MIG_Calibration/CAL_DDR_MIG/u_core_4DDR_CAL_DDR_MIG_0_mig/u_memc_ui_top_axi/mem_intfc0/ddr_phy_top0/u_ddr_mc_phy_wrapper/u_ddr_mc_phy/ddr_phy_4lanes_1.u_ddr_phy_4lanes/ddr_byte_lane_C.ddr_byte_lane_C/oserdes_clkdiv       |            10.0 |
| oserdes_clkdiv_6                                                                                                                                            | ACQ/BD/MIG_4DDR.core_wrapper_i/core_4DDR_i/MIG_Calibration/CAL_DDR_MIG/u_core_4DDR_CAL_DDR_MIG_0_mig/u_memc_ui_top_axi/mem_intfc0/ddr_phy_top0/u_ddr_mc_phy_wrapper/u_ddr_mc_phy/ddr_phy_4lanes_1.u_ddr_phy_4lanes/ddr_byte_lane_D.ddr_byte_lane_D/oserdes_clkdiv       |            10.0 |
| oserdes_clkdiv_7                                                                                                                                            | ACQ/BD/MIG_4DDR.core_wrapper_i/core_4DDR_i/MIG_Calibration/CAL_DDR_MIG/u_core_4DDR_CAL_DDR_MIG_0_mig/u_memc_ui_top_axi/mem_intfc0/ddr_phy_top0/u_ddr_mc_phy_wrapper/u_ddr_mc_phy/ddr_phy_4lanes_2.u_ddr_phy_4lanes/ddr_byte_lane_A.ddr_byte_lane_A/oserdes_clkdiv       |             5.0 |
| oserdes_clkdiv_8                                                                                                                                            | ACQ/BD/MIG_4DDR.core_wrapper_i/core_4DDR_i/MIG_Calibration/CAL_DDR_MIG/u_core_4DDR_CAL_DDR_MIG_0_mig/u_memc_ui_top_axi/mem_intfc0/ddr_phy_top0/u_ddr_mc_phy_wrapper/u_ddr_mc_phy/ddr_phy_4lanes_2.u_ddr_phy_4lanes/ddr_byte_lane_B.ddr_byte_lane_B/oserdes_clkdiv       |             5.0 |
| oserdes_clkdiv_9                                                                                                                                            | ACQ/BD/MIG_4DDR.core_wrapper_i/core_4DDR_i/MIG_Calibration/CAL_DDR_MIG/u_core_4DDR_CAL_DDR_MIG_0_mig/u_memc_ui_top_axi/mem_intfc0/ddr_phy_top0/u_ddr_mc_phy_wrapper/u_ddr_mc_phy/ddr_phy_4lanes_2.u_ddr_phy_4lanes/ddr_byte_lane_C.ddr_byte_lane_C/oserdes_clkdiv       |             5.0 |
| pll_clk3_out                                                                                                                                                | ACQ/BD/MIG_4DDR.core_wrapper_i/core_4DDR_i/MIG_Calibration/CAL_DDR_MIG/u_core_4DDR_CAL_DDR_MIG_0_mig/u_ddr3_infrastructure/pll_clk3_out                                                                                                                                 |            10.0 |
| pll_clk3_out_1                                                                                                                                              | ACQ/BD/MIG_4DDR.core_wrapper_i/core_4DDR_i/MIG_Code/mig_7series_0/u_core_4DDR_mig_7series_0_0_mig/u_ddr3_infrastructure/pll_clk3_out                                                                                                                                    |            10.0 |
| pll_clkfbout                                                                                                                                                | ACQ/BD/MIG_4DDR.core_wrapper_i/core_4DDR_i/MIG_Calibration/CAL_DDR_MIG/u_core_4DDR_CAL_DDR_MIG_0_mig/u_ddr3_infrastructure/pll_clkfbout                                                                                                                                 |             5.0 |
| pll_clkfbout_1                                                                                                                                              | ACQ/BD/MIG_4DDR.core_wrapper_i/core_4DDR_i/MIG_Code/mig_7series_0/u_core_4DDR_mig_7series_0_0_mig/u_ddr3_infrastructure/pll_clkfbout                                                                                                                                    |             5.0 |
| quad1_clk_source_isc0804A_17_5_MHz_mmcm_v3                                                                                                                  | U3/U26/U2/U3/inst/quad1_clk_source_isc0804A_17_5_MHz_mmcm_v3                                                                                                                                                                                                            |             7.1 |
| quad2_clk_source_isc0804A_17_5_MHz_mmcm_v3                                                                                                                  | U3/U26/U2/U3/inst/quad2_clk_source_isc0804A_17_5_MHz_mmcm_v3                                                                                                                                                                                                            |             7.1 |
| quad3_clk_source_isc0804A_17_5_MHz_mmcm_v3                                                                                                                  | U3/U26/U2/U3/inst/quad3_clk_source_isc0804A_17_5_MHz_mmcm_v3                                                                                                                                                                                                            |             7.1 |
| quad4_clk_source_isc0804A_17_5_MHz_mmcm_v3                                                                                                                  | U3/U26/U2/U3/inst/quad4_clk_source_isc0804A_17_5_MHz_mmcm_v3                                                                                                                                                                                                            |             7.1 |
| sync_clk_i                                                                                                                                                  | ACQ/MGT/MGTS/DATA_CLOCK/U1/sync_clk_i                                                                                                                                                                                                                                   |             5.1 |
| sync_pulse                                                                                                                                                  | ACQ/BD/MIG_4DDR.core_wrapper_i/core_4DDR_i/MIG_Calibration/CAL_DDR_MIG/u_core_4DDR_CAL_DDR_MIG_0_mig/u_ddr3_infrastructure/sync_pulse                                                                                                                                   |            40.0 |
| sync_pulse_1                                                                                                                                                | ACQ/BD/MIG_4DDR.core_wrapper_i/core_4DDR_i/MIG_Code/mig_7series_0/u_core_4DDR_mig_7series_0_0_mig/u_ddr3_infrastructure/sync_pulse                                                                                                                                      |            40.0 |
| u_memc_ui_top_axi/mem_intfc0/ddr_phy_top0/u_ddr_mc_phy_wrapper/u_ddr_mc_phy/ddr_phy_4lanes_0.u_ddr_phy_4lanes/ddr_byte_lane_A.ddr_byte_lane_A/iserdes_clk   | ACQ/BD/MIG_4DDR.core_wrapper_i/core_4DDR_i/MIG_Calibration/CAL_DDR_MIG/u_core_4DDR_CAL_DDR_MIG_0_mig/u_memc_ui_top_axi/mem_intfc0/ddr_phy_top0/u_ddr_mc_phy_wrapper/u_ddr_mc_phy/ddr_phy_4lanes_0.u_ddr_phy_4lanes/ddr_byte_lane_A.ddr_byte_lane_A/A_rst_primitives_reg |             2.5 |
| u_memc_ui_top_axi/mem_intfc0/ddr_phy_top0/u_ddr_mc_phy_wrapper/u_ddr_mc_phy/ddr_phy_4lanes_0.u_ddr_phy_4lanes/ddr_byte_lane_A.ddr_byte_lane_A/iserdes_clk_1 | ACQ/BD/MIG_4DDR.core_wrapper_i/core_4DDR_i/MIG_Code/mig_7series_0/u_core_4DDR_mig_7series_0_0_mig/u_memc_ui_top_axi/mem_intfc0/ddr_phy_top0/u_ddr_mc_phy_wrapper/u_ddr_mc_phy/ddr_phy_4lanes_0.u_ddr_phy_4lanes/ddr_byte_lane_A.ddr_byte_lane_A/A_rst_primitives_reg    |             2.5 |
| u_memc_ui_top_axi/mem_intfc0/ddr_phy_top0/u_ddr_mc_phy_wrapper/u_ddr_mc_phy/ddr_phy_4lanes_0.u_ddr_phy_4lanes/ddr_byte_lane_B.ddr_byte_lane_B/iserdes_clk   | ACQ/BD/MIG_4DDR.core_wrapper_i/core_4DDR_i/MIG_Calibration/CAL_DDR_MIG/u_core_4DDR_CAL_DDR_MIG_0_mig/u_memc_ui_top_axi/mem_intfc0/ddr_phy_top0/u_ddr_mc_phy_wrapper/u_ddr_mc_phy/ddr_phy_4lanes_0.u_ddr_phy_4lanes/ddr_byte_lane_B.ddr_byte_lane_B/A_rst_primitives_reg |             2.5 |
| u_memc_ui_top_axi/mem_intfc0/ddr_phy_top0/u_ddr_mc_phy_wrapper/u_ddr_mc_phy/ddr_phy_4lanes_0.u_ddr_phy_4lanes/ddr_byte_lane_C.ddr_byte_lane_C/iserdes_clk   | ACQ/BD/MIG_4DDR.core_wrapper_i/core_4DDR_i/MIG_Calibration/CAL_DDR_MIG/u_core_4DDR_CAL_DDR_MIG_0_mig/u_memc_ui_top_axi/mem_intfc0/ddr_phy_top0/u_ddr_mc_phy_wrapper/u_ddr_mc_phy/ddr_phy_4lanes_0.u_ddr_phy_4lanes/ddr_byte_lane_C.ddr_byte_lane_C/A_rst_primitives_reg |             2.5 |
| u_memc_ui_top_axi/mem_intfc0/ddr_phy_top0/u_ddr_mc_phy_wrapper/u_ddr_mc_phy/ddr_phy_4lanes_0.u_ddr_phy_4lanes/ddr_byte_lane_D.ddr_byte_lane_D/iserdes_clk   | ACQ/BD/MIG_4DDR.core_wrapper_i/core_4DDR_i/MIG_Calibration/CAL_DDR_MIG/u_core_4DDR_CAL_DDR_MIG_0_mig/u_memc_ui_top_axi/mem_intfc0/ddr_phy_top0/u_ddr_mc_phy_wrapper/u_ddr_mc_phy/ddr_phy_4lanes_0.u_ddr_phy_4lanes/ddr_byte_lane_D.ddr_byte_lane_D/A_rst_primitives_reg |             2.5 |
| u_memc_ui_top_axi/mem_intfc0/ddr_phy_top0/u_ddr_mc_phy_wrapper/u_ddr_mc_phy/ddr_phy_4lanes_0.u_ddr_phy_4lanes/ddr_byte_lane_D.ddr_byte_lane_D/iserdes_clk_1 | ACQ/BD/MIG_4DDR.core_wrapper_i/core_4DDR_i/MIG_Code/mig_7series_0/u_core_4DDR_mig_7series_0_0_mig/u_memc_ui_top_axi/mem_intfc0/ddr_phy_top0/u_ddr_mc_phy_wrapper/u_ddr_mc_phy/ddr_phy_4lanes_0.u_ddr_phy_4lanes/ddr_byte_lane_D.ddr_byte_lane_D/A_rst_primitives_reg    |             2.5 |
| u_memc_ui_top_axi/mem_intfc0/ddr_phy_top0/u_ddr_mc_phy_wrapper/u_ddr_mc_phy/ddr_phy_4lanes_2.u_ddr_phy_4lanes/ddr_byte_lane_A.ddr_byte_lane_A/iserdes_clk   | ACQ/BD/MIG_4DDR.core_wrapper_i/core_4DDR_i/MIG_Calibration/CAL_DDR_MIG/u_core_4DDR_CAL_DDR_MIG_0_mig/u_memc_ui_top_axi/mem_intfc0/ddr_phy_top0/u_ddr_mc_phy_wrapper/u_ddr_mc_phy/ddr_phy_4lanes_2.u_ddr_phy_4lanes/ddr_byte_lane_A.ddr_byte_lane_A/A_rst_primitives_reg |             2.5 |
| u_memc_ui_top_axi/mem_intfc0/ddr_phy_top0/u_ddr_mc_phy_wrapper/u_ddr_mc_phy/ddr_phy_4lanes_2.u_ddr_phy_4lanes/ddr_byte_lane_B.ddr_byte_lane_B/iserdes_clk   | ACQ/BD/MIG_4DDR.core_wrapper_i/core_4DDR_i/MIG_Calibration/CAL_DDR_MIG/u_core_4DDR_CAL_DDR_MIG_0_mig/u_memc_ui_top_axi/mem_intfc0/ddr_phy_top0/u_ddr_mc_phy_wrapper/u_ddr_mc_phy/ddr_phy_4lanes_2.u_ddr_phy_4lanes/ddr_byte_lane_B.ddr_byte_lane_B/A_rst_primitives_reg |             2.5 |
| u_memc_ui_top_axi/mem_intfc0/ddr_phy_top0/u_ddr_mc_phy_wrapper/u_ddr_mc_phy/ddr_phy_4lanes_2.u_ddr_phy_4lanes/ddr_byte_lane_C.ddr_byte_lane_C/iserdes_clk   | ACQ/BD/MIG_4DDR.core_wrapper_i/core_4DDR_i/MIG_Calibration/CAL_DDR_MIG/u_core_4DDR_CAL_DDR_MIG_0_mig/u_memc_ui_top_axi/mem_intfc0/ddr_phy_top0/u_ddr_mc_phy_wrapper/u_ddr_mc_phy/ddr_phy_4lanes_2.u_ddr_phy_4lanes/ddr_byte_lane_C.ddr_byte_lane_C/A_rst_primitives_reg |             2.5 |
| u_memc_ui_top_axi/mem_intfc0/ddr_phy_top0/u_ddr_mc_phy_wrapper/u_ddr_mc_phy/ddr_phy_4lanes_2.u_ddr_phy_4lanes/ddr_byte_lane_D.ddr_byte_lane_D/iserdes_clk   | ACQ/BD/MIG_4DDR.core_wrapper_i/core_4DDR_i/MIG_Calibration/CAL_DDR_MIG/u_core_4DDR_CAL_DDR_MIG_0_mig/u_memc_ui_top_axi/mem_intfc0/ddr_phy_top0/u_ddr_mc_phy_wrapper/u_ddr_mc_phy/ddr_phy_4lanes_2.u_ddr_phy_4lanes/ddr_byte_lane_D.ddr_byte_lane_D/A_rst_primitives_reg |             2.5 |
| usart_clk                                                                                                                                                   | ACQ/BULK_USART/U11/inst/CLK0_usart_mmcm                                                                                                                                                                                                                                 |            60.0 |
| usart_clk_in                                                                                                                                                | R_GIGE_BULK_CLK0                                                                                                                                                                                                                                                        |            60.0 |
| user_clk_i                                                                                                                                                  | ACQ/MGT/MGTS/DATA_CLOCK/U1/user_clk_i                                                                                                                                                                                                                                   |            10.2 |
+-------------------------------------------------------------------------------------------------------------------------------------------------------------+-------------------------------------------------------------------------------------------------------------------------------------------------------------------------------------------------------------------------------------------------------------------------+-----------------+


3. Detailed Reports
-------------------

3.1 By Hierarchy
----------------

+----------------------------------------------------------+-----------+
| Name                                                     | Power (W) |
+----------------------------------------------------------+-----------+
| fir_00251_proc_isc0804A_2k                               |     6.605 |
|   ACQ                                                    |     5.434 |
|     BD                                                   |     2.703 |
|       MIG_4DDR.core_wrapper_i                            |     2.703 |
|     BULK_USART                                           |     0.111 |
|       U11                                                |     0.108 |
|     CALIB                                                |     1.091 |
|       U11                                                |     0.002 |
|       U14                                                |     0.002 |
|       U15                                                |     0.002 |
|       U17                                                |     0.050 |
|       U19                                                |     0.018 |
|       U30                                                |     0.026 |
|       U31                                                |     0.029 |
|       gen_cal_2ch.CORE_0                                 |     0.476 |
|       gen_cal_2ch.CORE_1                                 |     0.477 |
|       gen_cal_2ch.U20                                    |     0.002 |
|       gen_cal_2ch.U4                                     |     0.003 |
|       gen_cal_2ch.U9                                     |     0.004 |
|     EHDRI                                                |     0.001 |
|     EXP_CTRL                                             |     0.001 |
|     FLASH                                                |     0.013 |
|       U2                                                 |     0.001 |
|       U4                                                 |     0.008 |
|       U5                                                 |     0.003 |
|     HEADER                                               |     0.032 |
|       U1                                                 |     0.001 |
|       U2                                                 |     0.003 |
|       U20                                                |     0.002 |
|       U22                                                |     0.002 |
|       U24                                                |     0.002 |
|       U26                                                |     0.002 |
|       U28                                                |     0.002 |
|       U3                                                 |     0.002 |
|       U4                                                 |     0.003 |
|       U5                                                 |     0.010 |
|       U6                                                 |     0.002 |
|       U7                                                 |     0.002 |
|     ICU                                                  |     0.002 |
|       U2                                                 |     0.002 |
|     IRIG                                                 |     0.002 |
|     MGT                                                  |     1.402 |
|       MGTS                                               |     1.391 |
|       U3                                                 |     0.009 |
|       U4                                                 |     0.001 |
|     SFW_INTF                                             |     0.006 |
|       U2                                                 |     0.001 |
|       U3                                                 |     0.001 |
|       U7                                                 |     0.002 |
|     TRIG                                                 |     0.009 |
|       U1                                                 |     0.002 |
|       U3                                                 |     0.003 |
|       U4                                                 |     0.001 |
|       g0.U11                                             |     0.003 |
|     U2                                                   |     0.028 |
|       U2                                                 |     0.002 |
|       U3                                                 |     0.002 |
|       U4                                                 |     0.018 |
|       U5                                                 |     0.003 |
|       U6                                                 |     0.003 |
|     U4                                                   |     0.018 |
|       U1                                                 |     0.001 |
|       U7                                                 |     0.002 |
|       g0.U10                                             |     0.004 |
|       g0.U4                                              |     0.004 |
|       g0.U5                                              |     0.002 |
|       g0.U6                                              |     0.003 |
|     U7                                                   |     0.005 |
|       U2                                                 |     0.004 |
|     USB                                                  |     0.005 |
|       U1                                                 |     0.001 |
|       U6                                                 |     0.001 |
|       U7                                                 |     0.001 |
|       U8                                                 |     0.001 |
|   U1                                                     |     0.235 |
|     CH0                                                  |     0.060 |
|       U15                                                |     0.008 |
|       U18                                                |     0.008 |
|       U21                                                |     0.008 |
|       U24                                                |     0.008 |
|     CH1                                                  |     0.054 |
|       U15                                                |     0.008 |
|       U18                                                |     0.008 |
|       U21                                                |     0.008 |
|       U24                                                |     0.008 |
|     CH2                                                  |     0.054 |
|       U15                                                |     0.008 |
|       U18                                                |     0.008 |
|       U21                                                |     0.008 |
|       U24                                                |     0.008 |
|     CH3                                                  |     0.062 |
|       U15                                                |     0.008 |
|       U18                                                |     0.008 |
|       U21                                                |     0.008 |
|       U24                                                |     0.008 |
|       master_gen.U14                                     |     0.001 |
|   U3                                                     |     0.896 |
|     U1                                                   |     0.001 |
|     U21                                                  |     0.010 |
|       U2                                                 |     0.003 |
|       U3                                                 |     0.002 |
|       U4                                                 |     0.001 |
|       U6                                                 |     0.002 |
|     U26                                                  |     0.116 |
|       U1                                                 |     0.016 |
|       U2                                                 |     0.100 |
|     U33                                                  |     0.002 |
|       agen_wr64_rd128_d32.fwft_afifo_wr66_rd132_d32_inst |     0.002 |
|     U4                                                   |     0.012 |
|     U5                                                   |     0.052 |
|       U1                                                 |     0.002 |
|       U2                                                 |     0.004 |
|       U21                                                |     0.007 |
|       U3                                                 |     0.004 |
|       U4                                                 |     0.016 |
|       U5                                                 |     0.019 |
|     U6                                                   |     0.002 |
|     U8                                                   |     0.003 |
|     U9                                                   |     0.696 |
|       ID_A                                               |     0.005 |
|       ID_B                                               |     0.006 |
|       ID_C                                               |     0.006 |
|       ID_D                                               |     0.006 |
|       U1                                                 |     0.150 |
|       U11                                                |     0.151 |
|       U12                                                |     0.148 |
|       U13                                                |     0.005 |
|       U14                                                |     0.005 |
|       U15                                                |     0.002 |
|       U17                                                |     0.008 |
|       U18                                                |     0.019 |
|       U19                                                |     0.008 |
|       U2                                                 |     0.151 |
|       U20                                                |     0.002 |
|       U21                                                |     0.010 |
|       U22                                                |     0.003 |
|       U25                                                |     0.005 |
|       U6                                                 |     0.008 |
+----------------------------------------------------------+-----------+


