Copyright 1986-2018 Xilinx, Inc. All Rights Reserved.
--------------------------------------------------------------------------------------------------------------------------------------
| Tool Version     : Vivado v.2018.3_AR71948_AR71898 (win64) Build 2405991 Thu Dec  6 23:38:27 MST 2018
| Date             : Thu Jul 25 13:52:45 2024
| Host             : Telops332 running 64-bit major release  (build 9200)
| Command          : report_power -file d:/Telops/fir-00251-Proc/Reports/calcium640D/fir_00251_proc_325_calcium640D_power.rpt
| Design           : fir_00251_proc_calcium640D
| Device           : xc7k325tfbg676-1
| Design State     : routed
| Grade            : industrial
| Process          : typical
| Characterization : Production
--------------------------------------------------------------------------------------------------------------------------------------

Power Report

Table of Contents
-----------------
1. Summary
1.1 On-Chip Components
1.2 Power Supply Summary
1.3 Confidence Level
2. Settings
2.1 Environment
2.2 Clock Constraints
3. Detailed Reports
3.1 By Hierarchy

1. Summary
----------

+--------------------------+--------------+
| Total On-Chip Power (W)  | 6.328        |
| Design Power Budget (W)  | Unspecified* |
| Power Budget Margin (W)  | NA           |
| Dynamic (W)              | 6.089        |
| Device Static (W)        | 0.239        |
| Effective TJA (C/W)      | 1.9          |
| Max Ambient (C)          | 88.2         |
| Junction Temperature (C) | 36.8         |
| Confidence Level         | Low          |
| Setting File             | ---          |
| Simulation Activity File | ---          |
| Design Nets Matched      | NA           |
+--------------------------+--------------+
* Specify Design Power Budget using, set_operating_conditions -design_power_budget <value in Watts>


1.1 On-Chip Components
----------------------

+--------------------------+-----------+----------+-----------+-----------------+
| On-Chip                  | Power (W) | Used     | Available | Utilization (%) |
+--------------------------+-----------+----------+-----------+-----------------+
| Clocks                   |     0.824 |       79 |       --- |             --- |
| Slice Logic              |     0.598 |   397999 |       --- |             --- |
|   LUT as Logic           |     0.482 |   118278 |    203800 |           58.04 |
|   Register               |     0.052 |   192305 |    407600 |           47.18 |
|   CARRY4                 |     0.042 |    10894 |     50950 |           21.38 |
|   LUT as Shift Register  |     0.012 |     7942 |     64000 |           12.41 |
|   F7/F8 Muxes            |     0.008 |     3374 |    203800 |            1.66 |
|   LUT as Distributed RAM |     0.003 |     2424 |     64000 |            3.79 |
|   Others                 |    <0.001 |    29568 |       --- |             --- |
| Signals                  |     0.686 |   275750 |       --- |             --- |
| Block RAM                |     0.174 |      334 |       445 |           75.06 |
| MMCM                     |     0.751 |        7 |        10 |           70.00 |
| PLL                      |     0.185 |        2 |        10 |           20.00 |
| DSPs                     |     0.198 |      254 |       840 |           30.24 |
| I/O                      |     1.075 |      312 |       400 |           78.00 |
| GTX                      |     1.212 |        4 |         8 |           50.00 |
| PHASER                   |     0.385 |       40 |       --- |             --- |
| XADC                     |     0.002 |        1 |       --- |             --- |
| Static Power             |     0.239 |          |           |                 |
| Total                    |     6.328 |          |           |                 |
+--------------------------+-----------+----------+-----------+-----------------+


1.2 Power Supply Summary
------------------------

+-----------+-------------+-----------+-------------+------------+
| Source    | Voltage (V) | Total (A) | Dynamic (A) | Static (A) |
+-----------+-------------+-----------+-------------+------------+
| Vccint    |       1.000 |     2.827 |       2.709 |      0.118 |
| Vccaux    |       1.800 |     0.925 |       0.895 |      0.030 |
| Vcco33    |       3.300 |     0.004 |       0.003 |      0.001 |
| Vcco25    |       2.500 |     0.018 |       0.017 |      0.001 |
| Vcco18    |       1.800 |     0.000 |       0.000 |      0.000 |
| Vcco15    |       1.500 |     0.407 |       0.406 |      0.001 |
| Vcco135   |       1.350 |     0.000 |       0.000 |      0.000 |
| Vcco12    |       1.200 |     0.000 |       0.000 |      0.000 |
| Vccaux_io |       1.800 |     0.000 |       0.000 |      0.000 |
| Vccbram   |       1.000 |     0.021 |       0.011 |      0.010 |
| MGTAVcc   |       1.000 |     0.685 |       0.678 |      0.007 |
| MGTAVtt   |       1.200 |     0.355 |       0.350 |      0.005 |
| MGTVccaux |       1.800 |     0.000 |       0.000 |      0.000 |
| Vccadc    |       1.800 |     0.021 |       0.001 |      0.020 |
+-----------+-------------+-----------+-------------+------------+


1.3 Confidence Level
--------------------

+-----------------------------+------------+--------------------------------------------------------+------------------------------------------------------------------------------------------------------------+
| User Input Data             | Confidence | Details                                                | Action                                                                                                     |
+-----------------------------+------------+--------------------------------------------------------+------------------------------------------------------------------------------------------------------------+
| Design implementation state | High       | Design is routed                                       |                                                                                                            |
| Clock nodes activity        | High       | User specified more than 95% of clocks                 |                                                                                                            |
| I/O nodes activity          | Low        | More than 75% of inputs are missing user specification | Provide missing input activity with simulation results or by editing the "By Resource Type -> I/Os" view   |
| Internal nodes activity     | Medium     | User specified less than 25% of internal nodes         | Provide missing internal nodes activity with simulation results or by editing the "By Resource Type" views |
| Device models               | High       | Device models are Production                           |                                                                                                            |
|                             |            |                                                        |                                                                                                            |
| Overall confidence level    | Low        |                                                        |                                                                                                            |
+-----------------------------+------------+--------------------------------------------------------+------------------------------------------------------------------------------------------------------------+


2. Settings
-----------

2.1 Environment
---------------

+-----------------------+--------------------------+
| Ambient Temp (C)      | 25.0                     |
| ThetaJA (C/W)         | 1.9                      |
| Airflow (LFM)         | 250                      |
| Heat Sink             | medium (Medium Profile)  |
| ThetaSA (C/W)         | 3.4                      |
| Board Selection       | medium (10"x10")         |
| # of Board Layers     | 12to15 (12 to 15 Layers) |
| Board Temperature (C) | 25.0                     |
+-----------------------+--------------------------+


2.2 Clock Constraints
---------------------

+-------------------------------------------------------------------------------------------------------------------------------------------------------------+---------------------------------------------------------------------------------------------------------------------------------------------------------------------------------------------------------------------------------------------------------------+-----------------+
| Clock                                                                                                                                                       | Domain                                                                                                                                                                                                                                                        | Constraint (ns) |
+-------------------------------------------------------------------------------------------------------------------------------------------------------------+---------------------------------------------------------------------------------------------------------------------------------------------------------------------------------------------------------------------------------------------------------------+-----------------+
| ACQ/BD/MIG_2DDR.core_wrapper_i/core_i/MCU/mdm_1/U0/Use_E2.BSCAN_I/Use_E2.BSCANE2_I/DRCK                                                                     | ACQ/BD/MIG_2DDR.core_wrapper_i/core_i/MCU/mdm_1/U0/Use_E2.BSCAN_I/DRCK                                                                                                                                                                                        |            33.3 |
| ACQ/BD/MIG_2DDR.core_wrapper_i/core_i/MCU/mdm_1/U0/Use_E2.BSCAN_I/Use_E2.BSCANE2_I/UPDATE                                                                   | ACQ/BD/MIG_2DDR.core_wrapper_i/core_i/MCU/mdm_1/U0/Use_E2.BSCAN_I/Ext_JTAG_UPDATE                                                                                                                                                                             |            33.3 |
| ACQ/MGT/MGTS/DATA/inst/data_mgt_wrapper_i/data_mgt_multi_gt_i/data_mgt_gtx_inst/gtxe2_i/RXOUTCLK                                                            | ACQ/MGT/MGTS/DATA/inst/data_mgt_wrapper_i/data_mgt_multi_gt_i/data_mgt_gtx_inst/rxrecclk_from_gtx_i                                                                                                                                                           |             5.1 |
| ACQ/MGT/MGTS/DATA/inst/data_mgt_wrapper_i/data_mgt_multi_gt_i/data_mgt_gtx_inst/gtxe2_i/TXOUTCLK                                                            | ACQ/MGT/MGTS/DATA/inst/data_mgt_wrapper_i/data_mgt_multi_gt_i/data_mgt_gtx_inst/tx_out_clk                                                                                                                                                                    |             5.1 |
| ACQ/MGT/MGTS/EXP/inst/exp_mgt_wrapper_i/exp_mgt_multi_gt_i/exp_mgt_gtx_inst/gtxe2_i/RXOUTCLK                                                                | ACQ/MGT/MGTS/EXP/inst/exp_mgt_wrapper_i/exp_mgt_multi_gt_i/exp_mgt_gtx_inst/rxrecclk_from_gtx_i                                                                                                                                                               |             5.1 |
| ACQ/MGT/MGTS/gen_mgt_2ch.VIDEO/inst/video_mgt_wrapper_i/video_mgt_multi_gt_i/video_mgt_gtx_inst/gtxe2_i/RXOUTCLK                                            | ACQ/MGT/MGTS/gen_mgt_2ch.VIDEO/inst/video_mgt_wrapper_i/video_mgt_multi_gt_i/video_mgt_gtx_inst/rxrecclk_from_gtx_i                                                                                                                                           |             5.1 |
| CLK_DATA_IN                                                                                                                                                 | CLK_DATA_P                                                                                                                                                                                                                                                    |            60.0 |
| MGT_CLK_0                                                                                                                                                   | AURORA_CLK_P0                                                                                                                                                                                                                                                 |             8.0 |
| MIG_CAL_UI_CLK                                                                                                                                              | ACQ/BD/MIG_2DDR.core_wrapper_i/core_i/MIG_Calibration/CAL_DDR_MIG/u_core_CAL_DDR_MIG_0_mig/u_ddr3_infrastructure/clk_pll_i                                                                                                                                    |            10.0 |
| SYS_CLK_P0                                                                                                                                                  | SYS_CLK_P0                                                                                                                                                                                                                                                    |             5.0 |
| SYS_CLK_P1                                                                                                                                                  | SYS_CLK_P1                                                                                                                                                                                                                                                    |             5.0 |
| clk_200                                                                                                                                                     | ACQ/BD/MIG_2DDR.core_wrapper_i/core_i/MIG_Code/mig_7series_0/u_core_mig_7series_0_0_mig/u_ddr3_infrastructure/mmcm_clkout0                                                                                                                                    |             5.0 |
| clk_cal                                                                                                                                                     | ACQ/BD/MIG_2DDR.core_wrapper_i/core_i/clk_wiz_1/inst/clk_out1_core_clk_wiz_1_0                                                                                                                                                                                |             5.9 |
| clk_data                                                                                                                                                    | ACQ/BD/MIG_2DDR.core_wrapper_i/core_i/clk_wiz_1/inst/clk_out2_core_clk_wiz_1_0                                                                                                                                                                                |            11.8 |
| clk_ddr_calciumD_clks_mmcm                                                                                                                                  | FPA/U26/U2/inst/CLK_CORE_DRP_I/clk_inst/clk_ddr_calciumD_clks_mmcm                                                                                                                                                                                            |             2.5 |
| clk_irig                                                                                                                                                    | ACQ/BD/MIG_2DDR.core_wrapper_i/core_i/MIG_Code/mig_7series_0/u_core_mig_7series_0_0_mig/u_ddr3_infrastructure/mmcm_clkout2                                                                                                                                    |            50.0 |
| clk_mb                                                                                                                                                      | ACQ/BD/MIG_2DDR.core_wrapper_i/core_i/MIG_Code/mig_7series_0/u_core_mig_7series_0_0_mig/u_ddr3_infrastructure/clk_pll_i                                                                                                                                       |            10.0 |
| clk_mgt_init                                                                                                                                                | ACQ/BD/MIG_2DDR.core_wrapper_i/core_i/MIG_Code/mig_7series_0/u_core_mig_7series_0_0_mig/u_ddr3_infrastructure/mmcm_clkout1                                                                                                                                    |            20.0 |
| clkfbout                                                                                                                                                    | ACQ/MGT/MGTS/DATA_CLOCK/U1/clkfbout                                                                                                                                                                                                                           |             5.1 |
| clkfbout_1                                                                                                                                                  | U1/U2/clkfbout                                                                                                                                                                                                                                                |            60.0 |
| clkfbout_calciumD_clks_mmcm                                                                                                                                 | FPA/U26/U2/inst/CLK_CORE_DRP_I/clk_inst/clkfbout_calciumD_clks_mmcm                                                                                                                                                                                           |            10.0 |
| clkfbout_core_clk_wiz_1_0                                                                                                                                   | ACQ/BD/MIG_2DDR.core_wrapper_i/core_i/clk_wiz_1/inst/clkfbout_core_clk_wiz_1_0                                                                                                                                                                                |            50.0 |
| clkfbout_usart_mmcm                                                                                                                                         | ACQ/BULK_USART/U11/inst/clkfbout_usart_mmcm                                                                                                                                                                                                                   |            60.0 |
| clkout0                                                                                                                                                     | U1/U2/clkout0                                                                                                                                                                                                                                                 |            60.0 |
| clkout1                                                                                                                                                     | U1/U2/clkout1                                                                                                                                                                                                                                                 |            20.0 |
| clkout2                                                                                                                                                     | U1/U2/clkout2                                                                                                                                                                                                                                                 |             5.0 |
| freq_refclk                                                                                                                                                 | ACQ/BD/MIG_2DDR.core_wrapper_i/core_i/MIG_Calibration/CAL_DDR_MIG/u_core_CAL_DDR_MIG_0_mig/u_ddr3_infrastructure/freq_refclk                                                                                                                                  |             1.2 |
| freq_refclk_1                                                                                                                                               | ACQ/BD/MIG_2DDR.core_wrapper_i/core_i/MIG_Code/mig_7series_0/u_core_mig_7series_0_0_mig/u_ddr3_infrastructure/freq_refclk                                                                                                                                     |             1.3 |
| iserdes_clkdiv                                                                                                                                              | ACQ/BD/MIG_2DDR.core_wrapper_i/core_i/MIG_Calibration/CAL_DDR_MIG/u_core_CAL_DDR_MIG_0_mig/u_memc_ui_top_axi/mem_intfc0/ddr_phy_top0/u_ddr_mc_phy_wrapper/u_ddr_mc_phy/ddr_phy_4lanes_0.u_ddr_phy_4lanes/ddr_byte_lane_A.ddr_byte_lane_A/iserdes_clkdiv       |            10.0 |
| iserdes_clkdiv_1                                                                                                                                            | ACQ/BD/MIG_2DDR.core_wrapper_i/core_i/MIG_Calibration/CAL_DDR_MIG/u_core_CAL_DDR_MIG_0_mig/u_memc_ui_top_axi/mem_intfc0/ddr_phy_top0/u_ddr_mc_phy_wrapper/u_ddr_mc_phy/ddr_phy_4lanes_0.u_ddr_phy_4lanes/ddr_byte_lane_B.ddr_byte_lane_B/iserdes_clkdiv       |            10.0 |
| iserdes_clkdiv_2                                                                                                                                            | ACQ/BD/MIG_2DDR.core_wrapper_i/core_i/MIG_Calibration/CAL_DDR_MIG/u_core_CAL_DDR_MIG_0_mig/u_memc_ui_top_axi/mem_intfc0/ddr_phy_top0/u_ddr_mc_phy_wrapper/u_ddr_mc_phy/ddr_phy_4lanes_0.u_ddr_phy_4lanes/ddr_byte_lane_C.ddr_byte_lane_C/iserdes_clkdiv       |            10.0 |
| iserdes_clkdiv_3                                                                                                                                            | ACQ/BD/MIG_2DDR.core_wrapper_i/core_i/MIG_Calibration/CAL_DDR_MIG/u_core_CAL_DDR_MIG_0_mig/u_memc_ui_top_axi/mem_intfc0/ddr_phy_top0/u_ddr_mc_phy_wrapper/u_ddr_mc_phy/ddr_phy_4lanes_0.u_ddr_phy_4lanes/ddr_byte_lane_D.ddr_byte_lane_D/iserdes_clkdiv       |            10.0 |
| iserdes_clkdiv_4                                                                                                                                            | ACQ/BD/MIG_2DDR.core_wrapper_i/core_i/MIG_Code/mig_7series_0/u_core_mig_7series_0_0_mig/u_memc_ui_top_axi/mem_intfc0/ddr_phy_top0/u_ddr_mc_phy_wrapper/u_ddr_mc_phy/ddr_phy_4lanes_0.u_ddr_phy_4lanes/ddr_byte_lane_A.ddr_byte_lane_A/iserdes_clkdiv          |            10.0 |
| iserdes_clkdiv_5                                                                                                                                            | ACQ/BD/MIG_2DDR.core_wrapper_i/core_i/MIG_Code/mig_7series_0/u_core_mig_7series_0_0_mig/u_memc_ui_top_axi/mem_intfc0/ddr_phy_top0/u_ddr_mc_phy_wrapper/u_ddr_mc_phy/ddr_phy_4lanes_0.u_ddr_phy_4lanes/ddr_byte_lane_D.ddr_byte_lane_D/iserdes_clkdiv          |            10.0 |
| mem_refclk                                                                                                                                                  | ACQ/BD/MIG_2DDR.core_wrapper_i/core_i/MIG_Calibration/CAL_DDR_MIG/u_core_CAL_DDR_MIG_0_mig/u_ddr3_infrastructure/mem_refclk                                                                                                                                   |             2.5 |
| mem_refclk_1                                                                                                                                                | ACQ/BD/MIG_2DDR.core_wrapper_i/core_i/MIG_Code/mig_7series_0/u_core_mig_7series_0_0_mig/u_ddr3_infrastructure/mem_refclk                                                                                                                                      |             2.5 |
| oserdes_clk                                                                                                                                                 | ACQ/BD/MIG_2DDR.core_wrapper_i/core_i/MIG_Calibration/CAL_DDR_MIG/u_core_CAL_DDR_MIG_0_mig/u_memc_ui_top_axi/mem_intfc0/ddr_phy_top0/u_ddr_mc_phy_wrapper/u_ddr_mc_phy/ddr_phy_4lanes_0.u_ddr_phy_4lanes/ddr_byte_lane_A.ddr_byte_lane_A/oserdes_clk          |             2.5 |
| oserdes_clk_1                                                                                                                                               | ACQ/BD/MIG_2DDR.core_wrapper_i/core_i/MIG_Calibration/CAL_DDR_MIG/u_core_CAL_DDR_MIG_0_mig/u_memc_ui_top_axi/mem_intfc0/ddr_phy_top0/u_ddr_mc_phy_wrapper/u_ddr_mc_phy/ddr_phy_4lanes_0.u_ddr_phy_4lanes/ddr_byte_lane_B.ddr_byte_lane_B/oserdes_clk          |             2.5 |
| oserdes_clk_10                                                                                                                                              | ACQ/BD/MIG_2DDR.core_wrapper_i/core_i/MIG_Code/mig_7series_0/u_core_mig_7series_0_0_mig/u_memc_ui_top_axi/mem_intfc0/ddr_phy_top0/u_ddr_mc_phy_wrapper/u_ddr_mc_phy/ddr_phy_4lanes_0.u_ddr_phy_4lanes/ddr_byte_lane_D.ddr_byte_lane_D/oserdes_clk             |             2.5 |
| oserdes_clk_2                                                                                                                                               | ACQ/BD/MIG_2DDR.core_wrapper_i/core_i/MIG_Calibration/CAL_DDR_MIG/u_core_CAL_DDR_MIG_0_mig/u_memc_ui_top_axi/mem_intfc0/ddr_phy_top0/u_ddr_mc_phy_wrapper/u_ddr_mc_phy/ddr_phy_4lanes_0.u_ddr_phy_4lanes/ddr_byte_lane_C.ddr_byte_lane_C/oserdes_clk          |             2.5 |
| oserdes_clk_3                                                                                                                                               | ACQ/BD/MIG_2DDR.core_wrapper_i/core_i/MIG_Calibration/CAL_DDR_MIG/u_core_CAL_DDR_MIG_0_mig/u_memc_ui_top_axi/mem_intfc0/ddr_phy_top0/u_ddr_mc_phy_wrapper/u_ddr_mc_phy/ddr_phy_4lanes_0.u_ddr_phy_4lanes/ddr_byte_lane_D.ddr_byte_lane_D/oserdes_clk          |             2.5 |
| oserdes_clk_4                                                                                                                                               | ACQ/BD/MIG_2DDR.core_wrapper_i/core_i/MIG_Calibration/CAL_DDR_MIG/u_core_CAL_DDR_MIG_0_mig/u_memc_ui_top_axi/mem_intfc0/ddr_phy_top0/u_ddr_mc_phy_wrapper/u_ddr_mc_phy/ddr_phy_4lanes_1.u_ddr_phy_4lanes/ddr_byte_lane_B.ddr_byte_lane_B/oserdes_clk          |             2.5 |
| oserdes_clk_5                                                                                                                                               | ACQ/BD/MIG_2DDR.core_wrapper_i/core_i/MIG_Calibration/CAL_DDR_MIG/u_core_CAL_DDR_MIG_0_mig/u_memc_ui_top_axi/mem_intfc0/ddr_phy_top0/u_ddr_mc_phy_wrapper/u_ddr_mc_phy/ddr_phy_4lanes_1.u_ddr_phy_4lanes/ddr_byte_lane_C.ddr_byte_lane_C/oserdes_clk          |             2.5 |
| oserdes_clk_6                                                                                                                                               | ACQ/BD/MIG_2DDR.core_wrapper_i/core_i/MIG_Calibration/CAL_DDR_MIG/u_core_CAL_DDR_MIG_0_mig/u_memc_ui_top_axi/mem_intfc0/ddr_phy_top0/u_ddr_mc_phy_wrapper/u_ddr_mc_phy/ddr_phy_4lanes_1.u_ddr_phy_4lanes/ddr_byte_lane_D.ddr_byte_lane_D/oserdes_clk          |             2.5 |
| oserdes_clk_7                                                                                                                                               | ACQ/BD/MIG_2DDR.core_wrapper_i/core_i/MIG_Code/mig_7series_0/u_core_mig_7series_0_0_mig/u_memc_ui_top_axi/mem_intfc0/ddr_phy_top0/u_ddr_mc_phy_wrapper/u_ddr_mc_phy/ddr_phy_4lanes_0.u_ddr_phy_4lanes/ddr_byte_lane_A.ddr_byte_lane_A/oserdes_clk             |             2.5 |
| oserdes_clk_8                                                                                                                                               | ACQ/BD/MIG_2DDR.core_wrapper_i/core_i/MIG_Code/mig_7series_0/u_core_mig_7series_0_0_mig/u_memc_ui_top_axi/mem_intfc0/ddr_phy_top0/u_ddr_mc_phy_wrapper/u_ddr_mc_phy/ddr_phy_4lanes_0.u_ddr_phy_4lanes/ddr_byte_lane_B.ddr_byte_lane_B/oserdes_clk             |             2.5 |
| oserdes_clk_9                                                                                                                                               | ACQ/BD/MIG_2DDR.core_wrapper_i/core_i/MIG_Code/mig_7series_0/u_core_mig_7series_0_0_mig/u_memc_ui_top_axi/mem_intfc0/ddr_phy_top0/u_ddr_mc_phy_wrapper/u_ddr_mc_phy/ddr_phy_4lanes_0.u_ddr_phy_4lanes/ddr_byte_lane_C.ddr_byte_lane_C/oserdes_clk             |             2.5 |
| oserdes_clkdiv                                                                                                                                              | ACQ/BD/MIG_2DDR.core_wrapper_i/core_i/MIG_Calibration/CAL_DDR_MIG/u_core_CAL_DDR_MIG_0_mig/u_memc_ui_top_axi/mem_intfc0/ddr_phy_top0/u_ddr_mc_phy_wrapper/u_ddr_mc_phy/ddr_phy_4lanes_0.u_ddr_phy_4lanes/ddr_byte_lane_A.ddr_byte_lane_A/oserdes_clkdiv       |             5.0 |
| oserdes_clkdiv_1                                                                                                                                            | ACQ/BD/MIG_2DDR.core_wrapper_i/core_i/MIG_Calibration/CAL_DDR_MIG/u_core_CAL_DDR_MIG_0_mig/u_memc_ui_top_axi/mem_intfc0/ddr_phy_top0/u_ddr_mc_phy_wrapper/u_ddr_mc_phy/ddr_phy_4lanes_0.u_ddr_phy_4lanes/ddr_byte_lane_B.ddr_byte_lane_B/oserdes_clkdiv       |             5.0 |
| oserdes_clkdiv_10                                                                                                                                           | ACQ/BD/MIG_2DDR.core_wrapper_i/core_i/MIG_Code/mig_7series_0/u_core_mig_7series_0_0_mig/u_memc_ui_top_axi/mem_intfc0/ddr_phy_top0/u_ddr_mc_phy_wrapper/u_ddr_mc_phy/ddr_phy_4lanes_0.u_ddr_phy_4lanes/ddr_byte_lane_D.ddr_byte_lane_D/oserdes_clkdiv          |             5.0 |
| oserdes_clkdiv_2                                                                                                                                            | ACQ/BD/MIG_2DDR.core_wrapper_i/core_i/MIG_Calibration/CAL_DDR_MIG/u_core_CAL_DDR_MIG_0_mig/u_memc_ui_top_axi/mem_intfc0/ddr_phy_top0/u_ddr_mc_phy_wrapper/u_ddr_mc_phy/ddr_phy_4lanes_0.u_ddr_phy_4lanes/ddr_byte_lane_C.ddr_byte_lane_C/oserdes_clkdiv       |             5.0 |
| oserdes_clkdiv_3                                                                                                                                            | ACQ/BD/MIG_2DDR.core_wrapper_i/core_i/MIG_Calibration/CAL_DDR_MIG/u_core_CAL_DDR_MIG_0_mig/u_memc_ui_top_axi/mem_intfc0/ddr_phy_top0/u_ddr_mc_phy_wrapper/u_ddr_mc_phy/ddr_phy_4lanes_0.u_ddr_phy_4lanes/ddr_byte_lane_D.ddr_byte_lane_D/oserdes_clkdiv       |             5.0 |
| oserdes_clkdiv_4                                                                                                                                            | ACQ/BD/MIG_2DDR.core_wrapper_i/core_i/MIG_Calibration/CAL_DDR_MIG/u_core_CAL_DDR_MIG_0_mig/u_memc_ui_top_axi/mem_intfc0/ddr_phy_top0/u_ddr_mc_phy_wrapper/u_ddr_mc_phy/ddr_phy_4lanes_1.u_ddr_phy_4lanes/ddr_byte_lane_B.ddr_byte_lane_B/oserdes_clkdiv       |            10.0 |
| oserdes_clkdiv_5                                                                                                                                            | ACQ/BD/MIG_2DDR.core_wrapper_i/core_i/MIG_Calibration/CAL_DDR_MIG/u_core_CAL_DDR_MIG_0_mig/u_memc_ui_top_axi/mem_intfc0/ddr_phy_top0/u_ddr_mc_phy_wrapper/u_ddr_mc_phy/ddr_phy_4lanes_1.u_ddr_phy_4lanes/ddr_byte_lane_C.ddr_byte_lane_C/oserdes_clkdiv       |            10.0 |
| oserdes_clkdiv_6                                                                                                                                            | ACQ/BD/MIG_2DDR.core_wrapper_i/core_i/MIG_Calibration/CAL_DDR_MIG/u_core_CAL_DDR_MIG_0_mig/u_memc_ui_top_axi/mem_intfc0/ddr_phy_top0/u_ddr_mc_phy_wrapper/u_ddr_mc_phy/ddr_phy_4lanes_1.u_ddr_phy_4lanes/ddr_byte_lane_D.ddr_byte_lane_D/oserdes_clkdiv       |            10.0 |
| oserdes_clkdiv_7                                                                                                                                            | ACQ/BD/MIG_2DDR.core_wrapper_i/core_i/MIG_Code/mig_7series_0/u_core_mig_7series_0_0_mig/u_memc_ui_top_axi/mem_intfc0/ddr_phy_top0/u_ddr_mc_phy_wrapper/u_ddr_mc_phy/ddr_phy_4lanes_0.u_ddr_phy_4lanes/ddr_byte_lane_A.ddr_byte_lane_A/oserdes_clkdiv          |             5.0 |
| oserdes_clkdiv_8                                                                                                                                            | ACQ/BD/MIG_2DDR.core_wrapper_i/core_i/MIG_Code/mig_7series_0/u_core_mig_7series_0_0_mig/u_memc_ui_top_axi/mem_intfc0/ddr_phy_top0/u_ddr_mc_phy_wrapper/u_ddr_mc_phy/ddr_phy_4lanes_0.u_ddr_phy_4lanes/ddr_byte_lane_B.ddr_byte_lane_B/oserdes_clkdiv          |            10.0 |
| oserdes_clkdiv_9                                                                                                                                            | ACQ/BD/MIG_2DDR.core_wrapper_i/core_i/MIG_Code/mig_7series_0/u_core_mig_7series_0_0_mig/u_memc_ui_top_axi/mem_intfc0/ddr_phy_top0/u_ddr_mc_phy_wrapper/u_ddr_mc_phy/ddr_phy_4lanes_0.u_ddr_phy_4lanes/ddr_byte_lane_C.ddr_byte_lane_C/oserdes_clkdiv          |            10.0 |
| pll_clk3_out                                                                                                                                                | ACQ/BD/MIG_2DDR.core_wrapper_i/core_i/MIG_Calibration/CAL_DDR_MIG/u_core_CAL_DDR_MIG_0_mig/u_ddr3_infrastructure/pll_clk3_out                                                                                                                                 |            10.0 |
| pll_clk3_out_1                                                                                                                                              | ACQ/BD/MIG_2DDR.core_wrapper_i/core_i/MIG_Code/mig_7series_0/u_core_mig_7series_0_0_mig/u_ddr3_infrastructure/pll_clk3_out                                                                                                                                    |            10.0 |
| pll_clkfbout                                                                                                                                                | ACQ/BD/MIG_2DDR.core_wrapper_i/core_i/MIG_Calibration/CAL_DDR_MIG/u_core_CAL_DDR_MIG_0_mig/u_ddr3_infrastructure/pll_clkfbout                                                                                                                                 |             5.0 |
| pll_clkfbout_1                                                                                                                                              | ACQ/BD/MIG_2DDR.core_wrapper_i/core_i/MIG_Code/mig_7series_0/u_core_mig_7series_0_0_mig/u_ddr3_infrastructure/pll_clkfbout                                                                                                                                    |             5.0 |
| sync_clk_i                                                                                                                                                  | ACQ/MGT/MGTS/DATA_CLOCK/U1/sync_clk_i                                                                                                                                                                                                                         |             5.1 |
| sync_pulse                                                                                                                                                  | ACQ/BD/MIG_2DDR.core_wrapper_i/core_i/MIG_Calibration/CAL_DDR_MIG/u_core_CAL_DDR_MIG_0_mig/u_ddr3_infrastructure/sync_pulse                                                                                                                                   |            40.0 |
| sync_pulse_1                                                                                                                                                | ACQ/BD/MIG_2DDR.core_wrapper_i/core_i/MIG_Code/mig_7series_0/u_core_mig_7series_0_0_mig/u_ddr3_infrastructure/sync_pulse                                                                                                                                      |            40.0 |
| u_memc_ui_top_axi/mem_intfc0/ddr_phy_top0/u_ddr_mc_phy_wrapper/u_ddr_mc_phy/ddr_phy_4lanes_0.u_ddr_phy_4lanes/ddr_byte_lane_A.ddr_byte_lane_A/iserdes_clk   | ACQ/BD/MIG_2DDR.core_wrapper_i/core_i/MIG_Calibration/CAL_DDR_MIG/u_core_CAL_DDR_MIG_0_mig/u_memc_ui_top_axi/mem_intfc0/ddr_phy_top0/u_ddr_mc_phy_wrapper/u_ddr_mc_phy/ddr_phy_4lanes_0.u_ddr_phy_4lanes/ddr_byte_lane_A.ddr_byte_lane_A/A_rst_primitives_reg |             2.5 |
| u_memc_ui_top_axi/mem_intfc0/ddr_phy_top0/u_ddr_mc_phy_wrapper/u_ddr_mc_phy/ddr_phy_4lanes_0.u_ddr_phy_4lanes/ddr_byte_lane_A.ddr_byte_lane_A/iserdes_clk_1 | ACQ/BD/MIG_2DDR.core_wrapper_i/core_i/MIG_Code/mig_7series_0/u_core_mig_7series_0_0_mig/u_memc_ui_top_axi/mem_intfc0/ddr_phy_top0/u_ddr_mc_phy_wrapper/u_ddr_mc_phy/ddr_phy_4lanes_0.u_ddr_phy_4lanes/ddr_byte_lane_A.ddr_byte_lane_A/A_rst_primitives_reg    |             2.5 |
| u_memc_ui_top_axi/mem_intfc0/ddr_phy_top0/u_ddr_mc_phy_wrapper/u_ddr_mc_phy/ddr_phy_4lanes_0.u_ddr_phy_4lanes/ddr_byte_lane_B.ddr_byte_lane_B/iserdes_clk   | ACQ/BD/MIG_2DDR.core_wrapper_i/core_i/MIG_Calibration/CAL_DDR_MIG/u_core_CAL_DDR_MIG_0_mig/u_memc_ui_top_axi/mem_intfc0/ddr_phy_top0/u_ddr_mc_phy_wrapper/u_ddr_mc_phy/ddr_phy_4lanes_0.u_ddr_phy_4lanes/ddr_byte_lane_B.ddr_byte_lane_B/A_rst_primitives_reg |             2.5 |
| u_memc_ui_top_axi/mem_intfc0/ddr_phy_top0/u_ddr_mc_phy_wrapper/u_ddr_mc_phy/ddr_phy_4lanes_0.u_ddr_phy_4lanes/ddr_byte_lane_C.ddr_byte_lane_C/iserdes_clk   | ACQ/BD/MIG_2DDR.core_wrapper_i/core_i/MIG_Calibration/CAL_DDR_MIG/u_core_CAL_DDR_MIG_0_mig/u_memc_ui_top_axi/mem_intfc0/ddr_phy_top0/u_ddr_mc_phy_wrapper/u_ddr_mc_phy/ddr_phy_4lanes_0.u_ddr_phy_4lanes/ddr_byte_lane_C.ddr_byte_lane_C/A_rst_primitives_reg |             2.5 |
| u_memc_ui_top_axi/mem_intfc0/ddr_phy_top0/u_ddr_mc_phy_wrapper/u_ddr_mc_phy/ddr_phy_4lanes_0.u_ddr_phy_4lanes/ddr_byte_lane_D.ddr_byte_lane_D/iserdes_clk   | ACQ/BD/MIG_2DDR.core_wrapper_i/core_i/MIG_Calibration/CAL_DDR_MIG/u_core_CAL_DDR_MIG_0_mig/u_memc_ui_top_axi/mem_intfc0/ddr_phy_top0/u_ddr_mc_phy_wrapper/u_ddr_mc_phy/ddr_phy_4lanes_0.u_ddr_phy_4lanes/ddr_byte_lane_D.ddr_byte_lane_D/A_rst_primitives_reg |             2.5 |
| u_memc_ui_top_axi/mem_intfc0/ddr_phy_top0/u_ddr_mc_phy_wrapper/u_ddr_mc_phy/ddr_phy_4lanes_0.u_ddr_phy_4lanes/ddr_byte_lane_D.ddr_byte_lane_D/iserdes_clk_1 | ACQ/BD/MIG_2DDR.core_wrapper_i/core_i/MIG_Code/mig_7series_0/u_core_mig_7series_0_0_mig/u_memc_ui_top_axi/mem_intfc0/ddr_phy_top0/u_ddr_mc_phy_wrapper/u_ddr_mc_phy/ddr_phy_4lanes_0.u_ddr_phy_4lanes/ddr_byte_lane_D.ddr_byte_lane_D/A_rst_primitives_reg    |             2.5 |
| usart_clk                                                                                                                                                   | ACQ/BULK_USART/U11/inst/CLK0_usart_mmcm                                                                                                                                                                                                                       |            60.0 |
| usart_clk_in                                                                                                                                                | R_GIGE_BULK_CLK0                                                                                                                                                                                                                                              |            60.0 |
| user_clk_i                                                                                                                                                  | ACQ/MGT/MGTS/DATA_CLOCK/U1/user_clk_i                                                                                                                                                                                                                         |            10.2 |
+-------------------------------------------------------------------------------------------------------------------------------------------------------------+---------------------------------------------------------------------------------------------------------------------------------------------------------------------------------------------------------------------------------------------------------------+-----------------+


3. Detailed Reports
-------------------

3.1 By Hierarchy
----------------

+-----------------------------------------+-----------+
| Name                                    | Power (W) |
+-----------------------------------------+-----------+
| fir_00251_proc_calcium640D              |     6.089 |
|   ACQ                                   |     5.276 |
|     BD                                  |     2.027 |
|       MIG_2DDR.IOBUFDS_DIFF_OUT_DCIEN_4 |     0.002 |
|       MIG_2DDR.IOBUFDS_DIFF_OUT_DCIEN_5 |     0.002 |
|       MIG_2DDR.IOBUFDS_DIFF_OUT_DCIEN_6 |     0.002 |
|       MIG_2DDR.IOBUFDS_DIFF_OUT_DCIEN_7 |     0.002 |
|       MIG_2DDR.core_wrapper_i           |     2.017 |
|     BULK_USART                          |     0.111 |
|       U11                               |     0.108 |
|     CALIB                               |     1.631 |
|       U11                               |     0.002 |
|       U14                               |     0.002 |
|       U15                               |     0.002 |
|       U17                               |     0.052 |
|       U19                               |     0.018 |
|       U30                               |     0.026 |
|       U31                               |     0.029 |
|       gen_cal_2ch.CORE_0                |     0.755 |
|       gen_cal_2ch.CORE_1                |     0.736 |
|       gen_cal_2ch.U20                   |     0.002 |
|       gen_cal_2ch.U4                    |     0.003 |
|       gen_cal_2ch.U9                    |     0.004 |
|     EHDRI                               |     0.001 |
|     EXP_CTRL                            |     0.001 |
|     FLASH                               |     0.014 |
|       U2                                |     0.001 |
|       U4                                |     0.008 |
|       U5                                |     0.003 |
|     HEADER                              |     0.030 |
|       U1                                |     0.001 |
|       U2                                |     0.002 |
|       U20                               |     0.002 |
|       U22                               |     0.002 |
|       U24                               |     0.002 |
|       U26                               |     0.002 |
|       U28                               |     0.002 |
|       U3                                |     0.002 |
|       U4                                |     0.003 |
|       U5                                |     0.010 |
|       U6                                |     0.002 |
|       U7                                |     0.002 |
|     ICU                                 |     0.002 |
|       U2                                |     0.002 |
|     IRIG                                |     0.002 |
|     MGT                                 |     1.395 |
|       MGTS                              |     1.385 |
|       U3                                |     0.009 |
|       U4                                |     0.001 |
|     SFW_INTF                            |     0.006 |
|       U2                                |     0.001 |
|       U3                                |     0.001 |
|       U7                                |     0.002 |
|     TRIG                                |     0.009 |
|       U1                                |     0.002 |
|       U3                                |     0.003 |
|       U4                                |     0.001 |
|       g0.U11                            |     0.003 |
|     U2                                  |     0.027 |
|       U2                                |     0.002 |
|       U3                                |     0.002 |
|       U4                                |     0.017 |
|       U5                                |     0.003 |
|       U6                                |     0.003 |
|     U4                                  |     0.007 |
|       U7                                |     0.002 |
|       g1.U3                             |     0.004 |
|     U7                                  |     0.005 |
|       U2                                |     0.004 |
|     USB                                 |     0.005 |
|       U1                                |     0.001 |
|       U6                                |     0.001 |
|       U7                                |     0.001 |
|       U8                                |     0.001 |
|   FPA                                   |     0.459 |
|     U19                                 |     0.014 |
|     U20                                 |     0.005 |
|       U3                                |     0.002 |
|       U4                                |     0.001 |
|       U6                                |     0.001 |
|     U25                                 |     0.001 |
|     U26                                 |     0.131 |
|       U2                                |     0.131 |
|     U4                                  |     0.016 |
|     U5                                  |     0.031 |
|       U1                                |     0.001 |
|       U2                                |     0.003 |
|       U3                                |     0.003 |
|       U4                                |     0.024 |
|     U6                                  |     0.005 |
|     U7                                  |     0.002 |
|     U9                                  |     0.251 |
|       U1                                |     0.006 |
|       U2                                |     0.001 |
|       U4                                |     0.005 |
|       U5                                |     0.007 |
|       U7                                |     0.231 |
|   U1                                    |     0.248 |
|     U2                                  |     0.107 |
|     g0[0].U7                            |     0.034 |
|       U12                               |     0.006 |
|       U6                                |     0.008 |
|       U7                                |     0.008 |
|     g0[1].U7                            |     0.034 |
|       U12                               |     0.006 |
|       U6                                |     0.008 |
|       U7                                |     0.008 |
|     g0[2].U7                            |     0.034 |
|       U12                               |     0.006 |
|       U6                                |     0.008 |
|       U7                                |     0.008 |
|     g0[3].U7                            |     0.034 |
|       U12                               |     0.006 |
|       U6                                |     0.008 |
|       U7                                |     0.008 |
+-----------------------------------------+-----------+


