Active-HDL 9.3.2744.sp1.09.4995  2016-03-31 15:04:04

Elaboration top modules:
Architecture                  TB_ARCHITECTURE(hawka_readout_ctrler_tb)


-------------------------------------------------------------------------------------------------------------------
Entity                  | Architecture    | Library | Info | Compiler Version                | Compilation Options
-------------------------------------------------------------------------------------------------------------------
hawka_readout_ctrler_tb | TB_ARCHITECTURE | hawka   |      | 9.3.2744.sp1.09.4995  (Windows) | -O3
hawkA_readout_ctrler    | rtl             | hawka   |      | 9.3.2744.sp1.09.4995  (Windows) | -O3
sync_reset              | rtl             | hawka   |      | 9.3.2744.sp1.09.4995  (Windows) | -O3
-------------------------------------------------------------------------------------------------------------------

-------------------------------------------------------------------------------------------------------------------
VHDL Package                              | Library | Info | Compiler Version                | Compilation Options
-------------------------------------------------------------------------------------------------------------------
standard                                  | std     |      |                                 | 
TEXTIO                                    | std     |      | 9.3.2744.sp1.09.4995  (Windows) |  -2008
std_logic_1164                            | ieee    |      | 9.3.2744.sp1.09.4995  (Windows) |  -2008
NUMERIC_STD                               | ieee    |      | 9.3.2744.sp1.09.4995  (Windows) |  -2008
MATH_REAL                                 | ieee    |      | 9.3.2744.sp1.09.4995  (Windows) | 
fpa_common_pkg                            | hawka   |      | 9.3.2744.sp1.09.4995  (Windows) | -O3
fleg_brd_define                           | hawka   |      | 9.3.2744.sp1.09.4995  (Windows) | -O3
FPA_define                                | hawka   |      | 9.3.2744.sp1.09.4995  (Windows) | -O3
-------------------------------------------------------------------------------------------------------------------

-------------------------------------------------------------------------------------------------------------------
Library                                   | Comment
-------------------------------------------------------------------------------------------------------------------
hawka                                     | None
ieee                                      | Standard IEEE packages library
std                                       | Standard VHDL library
-------------------------------------------------------------------------------------------------------------------


Simulation Options: asim -ses hawka_readout_ctrler_TB


The performance of simulation is reduced. Version PE
