Copyright 1986-2018 Xilinx, Inc. All Rights Reserved.
---------------------------------------------------------------------------------------------------------------------------------------------------
| Tool Version : Vivado v.2018.3_AR71948_AR71898 (win64) Build 2405991 Thu Dec  6 23:38:27 MST 2018
| Date         : Fri Feb 23 10:11:09 2024
| Host         : Telops331 running 64-bit major release  (build 9200)
| Command      : report_utilization -file d:/Telops/fir-00251-Proc/Reports/blackbird1280D/fir_00251_proc_325_blackbird1280D_utilization_placed.rpt
| Design       : fir_00251_proc_blackbird1280D
| Device       : 7k325tfbg676-1
| Design State : Routed
---------------------------------------------------------------------------------------------------------------------------------------------------

Utilization Design Information

Table of Contents
-----------------
1. Slice Logic
1.1 Summary of Registers by Type
2. Slice Logic Distribution
3. Memory
4. DSP
5. IO and GT Specific
6. Clocking
7. Specific Feature
8. Primitives
9. Black Boxes
10. Instantiated Netlists

1. Slice Logic
--------------

+----------------------------+--------+-------+-----------+-------+
|          Site Type         |  Used  | Fixed | Available | Util% |
+----------------------------+--------+-------+-----------+-------+
| Slice LUTs                 |  93179 |     0 |    203800 | 45.72 |
|   LUT as Logic             |  84670 |     0 |    203800 | 41.55 |
|   LUT as Memory            |   8509 |     0 |     64000 | 13.30 |
|     LUT as Distributed RAM |   2468 |     0 |           |       |
|     LUT as Shift Register  |   6041 |     0 |           |       |
| Slice Registers            | 148984 |     0 |    407600 | 36.55 |
|   Register as Flip Flop    | 148980 |     0 |    407600 | 36.55 |
|   Register as Latch        |      0 |     0 |    407600 |  0.00 |
|   Register as AND/OR       |      4 |     0 |    407600 | <0.01 |
| F7 Muxes                   |    546 |     0 |    101900 |  0.54 |
| F8 Muxes                   |     31 |     0 |     50950 |  0.06 |
+----------------------------+--------+-------+-----------+-------+


1.1 Summary of Registers by Type
--------------------------------

+--------+--------------+-------------+--------------+
|  Total | Clock Enable | Synchronous | Asynchronous |
+--------+--------------+-------------+--------------+
| 4      |            _ |           - |            - |
| 0      |            _ |           - |          Set |
| 0      |            _ |           - |        Reset |
| 0      |            _ |         Set |            - |
| 0      |            _ |       Reset |            - |
| 0      |          Yes |           - |            - |
| 876    |          Yes |           - |          Set |
| 1077   |          Yes |           - |        Reset |
| 5191   |          Yes |         Set |            - |
| 141840 |          Yes |       Reset |            - |
+--------+--------------+-------------+--------------+


2. Slice Logic Distribution
---------------------------

+--------------------------------------------+--------+-------+-----------+-------+
|                  Site Type                 |  Used  | Fixed | Available | Util% |
+--------------------------------------------+--------+-------+-----------+-------+
| Slice                                      |  39696 |     0 |     50950 | 77.91 |
|   SLICEL                                   |  26867 |     0 |           |       |
|   SLICEM                                   |  12829 |     0 |           |       |
| LUT as Logic                               |  84670 |     0 |    203800 | 41.55 |
|   using O5 output only                     |      2 |       |           |       |
|   using O6 output only                     |  65512 |       |           |       |
|   using O5 and O6                          |  19156 |       |           |       |
| LUT as Memory                              |   8509 |     0 |     64000 | 13.30 |
|   LUT as Distributed RAM                   |   2468 |     0 |           |       |
|     using O5 output only                   |      0 |       |           |       |
|     using O6 output only                   |      0 |       |           |       |
|     using O5 and O6                        |   2468 |       |           |       |
|   LUT as Shift Register                    |   6041 |     0 |           |       |
|     using O5 output only                   |    519 |       |           |       |
|     using O6 output only                   |   2202 |       |           |       |
|     using O5 and O6                        |   3320 |       |           |       |
| Slice Registers                            | 148984 |     0 |    407600 | 36.55 |
|   Register driven from within the Slice    |  75987 |       |           |       |
|   Register driven from outside the Slice   |  72997 |       |           |       |
|     LUT in front of the register is unused |  51984 |       |           |       |
|     LUT in front of the register is used   |  21013 |       |           |       |
| Unique Control Sets                        |   4703 |       |     50950 |  9.23 |
+--------------------------------------------+--------+-------+-----------+-------+
* Note: Available Control Sets calculated as Slice Registers / 8, Review the Control Sets Report for more information regarding control sets.


3. Memory
---------

+-------------------+-------+-------+-----------+-------+
|     Site Type     |  Used | Fixed | Available | Util% |
+-------------------+-------+-------+-----------+-------+
| Block RAM Tile    | 213.5 |     0 |       445 | 47.98 |
|   RAMB36/FIFO*    |   188 |     0 |       445 | 42.25 |
|     FIFO36E1 only |     4 |       |           |       |
|     RAMB36E1 only |   184 |       |           |       |
|   RAMB18          |    51 |     0 |       890 |  5.73 |
|     RAMB18E1 only |    51 |       |           |       |
+-------------------+-------+-------+-----------+-------+
* Note: Each Block RAM Tile only has one FIFO logic available and therefore can accommodate only one FIFO36E1 or one FIFO18E1. However, if a FIFO18E1 occupies a Block RAM Tile, that tile can still accommodate a RAMB18E1


4. DSP
------

+----------------+------+-------+-----------+-------+
|    Site Type   | Used | Fixed | Available | Util% |
+----------------+------+-------+-----------+-------+
| DSPs           |  167 |     0 |       840 | 19.88 |
|   DSP48E1 only |  167 |       |           |       |
+----------------+------+-------+-----------+-------+


5. IO and GT Specific
---------------------

+-----------------------------+------+-------+-----------+--------+
|          Site Type          | Used | Fixed | Available |  Util% |
+-----------------------------+------+-------+-----------+--------+
| Bonded IOB                  |  320 |   320 |       400 |  80.00 |
|   IOB Master Pads           |  155 |       |           |        |
|   IOB Slave Pads            |  152 |       |           |        |
|   IOB Flip Flops            |    4 |     4 |           |        |
| Bonded IPADs                |   12 |    12 |        26 |  46.15 |
| Bonded OPADs                |    8 |     8 |        16 |  50.00 |
| PHY_CONTROL                 |    3 |     3 |        10 |  30.00 |
| PHASER_REF                  |    3 |     3 |        10 |  30.00 |
| OUT_FIFO                    |   11 |    11 |        40 |  27.50 |
| IN_FIFO                     |    6 |     6 |        40 |  15.00 |
| IDELAYCTRL                  |    3 |     0 |        10 |  30.00 |
| IBUFDS                      |   18 |    18 |       384 |   4.69 |
| GTXE2_COMMON                |    2 |     0 |         2 | 100.00 |
| GTXE2_CHANNEL               |    4 |     4 |         8 |  50.00 |
| PHASER_OUT/PHASER_OUT_PHY   |   11 |    11 |        40 |  27.50 |
|   PHASER_OUT_PHY only       |   11 |    11 |           |        |
| PHASER_IN/PHASER_IN_PHY     |    6 |     6 |        40 |  15.00 |
|   PHASER_IN_PHY only        |    6 |     6 |           |        |
| IDELAYE2/IDELAYE2_FINEDELAY |   60 |    60 |       500 |  12.00 |
|   IDELAYE2 only             |   60 |    60 |           |        |
| ODELAYE2/ODELAYE2_FINEDELAY |    0 |     0 |       150 |   0.00 |
| IBUFDS_GTE2                 |    1 |     1 |         4 |  25.00 |
| ILOGIC                      |   64 |    64 |       400 |  16.00 |
|   IFF_Register              |    4 |     4 |           |        |
|   ISERDES                   |   60 |    60 |           |        |
| OLOGIC                      |  114 |   114 |       400 |  28.50 |
|   OUTFF_ODDR_Register       |    8 |     8 |           |        |
|   TFF_ODDR_Register         |    6 |     6 |           |        |
|   OSERDES                   |  106 |   106 |           |        |
+-----------------------------+------+-------+-----------+--------+


6. Clocking
-----------

+------------+------+-------+-----------+-------+
|  Site Type | Used | Fixed | Available | Util% |
+------------+------+-------+-----------+-------+
| BUFGCTRL   |   23 |     0 |        32 | 71.88 |
| BUFIO      |    0 |     0 |        40 |  0.00 |
| MMCME2_ADV |    6 |     2 |        10 | 60.00 |
| PLLE2_ADV  |    2 |     2 |        10 | 20.00 |
| BUFMRCE    |    0 |     0 |        20 |  0.00 |
| BUFHCE     |    2 |     0 |       168 |  1.19 |
| BUFR       |    0 |     0 |        40 |  0.00 |
+------------+------+-------+-----------+-------+


7. Specific Feature
-------------------

+-------------+------+-------+-----------+--------+
|  Site Type  | Used | Fixed | Available |  Util% |
+-------------+------+-------+-----------+--------+
| BSCANE2     |    1 |     0 |         4 |  25.00 |
| CAPTUREE2   |    0 |     0 |         1 |   0.00 |
| DNA_PORT    |    0 |     0 |         1 |   0.00 |
| EFUSE_USR   |    0 |     0 |         1 |   0.00 |
| FRAME_ECCE2 |    0 |     0 |         1 |   0.00 |
| ICAPE2      |    0 |     0 |         2 |   0.00 |
| PCIE_2_1    |    0 |     0 |         1 |   0.00 |
| STARTUPE2   |    1 |     0 |         1 | 100.00 |
| XADC        |    1 |     1 |         1 | 100.00 |
+-------------+------+-------+-----------+--------+


8. Primitives
-------------

+--------------------------+--------+---------------------+
|         Ref Name         |  Used  | Functional Category |
+--------------------------+--------+---------------------+
| FDRE                     | 141840 |        Flop & Latch |
| LUT3                     |  33689 |                 LUT |
| LUT6                     |  21826 |                 LUT |
| LUT4                     |  16395 |                 LUT |
| LUT2                     |  13948 |                 LUT |
| LUT5                     |  13157 |                 LUT |
| SRL16E                   |   8029 |  Distributed Memory |
| CARRY4                   |   6837 |          CarryLogic |
| FDSE                     |   5191 |        Flop & Latch |
| LUT1                     |   4811 |                 LUT |
| RAMD32                   |   3734 |  Distributed Memory |
| SRLC32E                  |   1288 |  Distributed Memory |
| RAMS32                   |   1202 |  Distributed Memory |
| FDCE                     |   1077 |        Flop & Latch |
| FDPE                     |    876 |        Flop & Latch |
| MUXF7                    |    546 |               MuxFx |
| RAMB36E1                 |    184 |        Block Memory |
| DSP48E1                  |    167 |    Block Arithmetic |
| OBUF                     |    132 |                  IO |
| OSERDESE2                |    106 |                  IO |
| IBUF                     |     88 |                  IO |
| OBUFT                    |     67 |                  IO |
| ISERDESE2                |     60 |                  IO |
| IDELAYE2                 |     60 |                  IO |
| RAMB18E1                 |     51 |        Block Memory |
| SRLC16E                  |     44 |  Distributed Memory |
| OBUFT_DCIEN              |     32 |                  IO |
| IBUF_IBUFDISABLE         |     32 |                  IO |
| MUXF8                    |     31 |               MuxFx |
| BUFG                     |     20 |               Clock |
| IBUFDS                   |     18 |                  IO |
| OBUFTDS_DCIEN            |     16 |                  IO |
| IBUF_INTERMDISABLE       |     16 |                  IO |
| IBUFDS_IBUFDISABLE_INT   |     16 |                  IO |
| ODDR                     |     14 |                  IO |
| INV                      |     12 |                 LUT |
| PHASER_OUT_PHY           |     11 |                  IO |
| OUT_FIFO                 |     11 |                  IO |
| PHASER_IN_PHY            |      6 |                  IO |
| OBUFTDS                  |      6 |                  IO |
| MMCME2_ADV               |      6 |               Clock |
| IN_FIFO                  |      6 |                  IO |
| OBUFDS                   |      4 |                  IO |
| IBUFDS_INTERMDISABLE_INT |      4 |                  IO |
| GTXE2_CHANNEL            |      4 |                  IO |
| FIFO36E1                 |      4 |        Block Memory |
| AND2B1L                  |      4 |              Others |
| PHY_CONTROL              |      3 |                  IO |
| PHASER_REF               |      3 |                  IO |
| IDELAYCTRL               |      3 |                  IO |
| BUFGCTRL                 |      3 |               Clock |
| PLLE2_ADV                |      2 |               Clock |
| GTXE2_COMMON             |      2 |                  IO |
| BUFH                     |      2 |               Clock |
| XADC                     |      1 |              Others |
| STARTUPE2                |      1 |              Others |
| IBUFDS_GTE2              |      1 |                  IO |
| BSCANE2                  |      1 |              Others |
+--------------------------+--------+---------------------+


9. Black Boxes
--------------

+----------+------+
| Ref Name | Used |
+----------+------+


10. Instantiated Netlists
-------------------------

+--------------------------------+------+
|            Ref Name            | Used |
+--------------------------------+------+
| ip_fp32_axis_mult              |   40 |
| ip_axis_fi32tofp32             |   36 |
| ip_axis32_reg                  |   26 |
| ip_axis32_fanout2              |   26 |
| t_axi4_stream32_sfifo_d16      |   20 |
| ip_fp32_axis_subtract          |   18 |
| ip_fp32_axis_add               |   14 |
| ip_axis_fp32tofi32             |   14 |
| t_axi4_stream32_sfifo_d1024    |   12 |
| t_axi4_stream32_sfifo_d64      |   10 |
| t_axi4_stream32_sfifo_d256     |    8 |
| ip_fp32_axis_divide            |    8 |
| t_axi4_lite32_w_afifo_d16      |    7 |
| ip_axis16_reg                  |    6 |
| fwft_afifo_w28_d16             |    6 |
| fwft_sfifo_w8_d16              |    5 |
| ip_fp32_axis_greaterThan       |    4 |
| fwft_sfifo_wr66_rd66_d512      |    3 |
| t_axi4_stream8_sfifo_d2048     |    2 |
| t_axi4_stream32_afifo_d512     |    2 |
| sfifo_w8_d64                   |    2 |
| ip_fp32_axis_sqroot            |    2 |
| ip_axis64_fanout2              |    2 |
| ip_axis16_combine_axis32       |    2 |
| fwft_afifo_wr66_rd66_d512      |    2 |
| fwft_afifo_wr34_rd68_d1024     |    2 |
| video_mgt                      |    1 |
| usart_mmcm                     |    1 |
| tdp_ram_w8_d2048               |    1 |
| tdp_ram_w32_d32768             |    1 |
| tdp_ram_w32_d16384             |    1 |
| t_axi4_stream64_afifo_d16      |    1 |
| t_axi4_stream128_afifo_d512    |    1 |
| t_axi4_stream128_afifo_d16     |    1 |
| t_axi4_stream128_afifo_d128    |    1 |
| t_axi4_stream128_afifo_d1024   |    1 |
| sfifo_w8_d64_no_output_reg     |    1 |
| sdp_ram_w32_d128               |    1 |
| ip_blk_mem_gen_w32_d8192       |    1 |
| ip_axis32_split_axis16         |    1 |
| ip_axis128_split_axis64        |    1 |
| ip_axi_bram_ctrl               |    1 |
| histogram_axis_tmi_4pix_0      |    1 |
| fwft_sfifo_wr66_rd132_d32      |    1 |
| fwft_sfifo_wr132_rd66_d32      |    1 |
| fwft_sfifo_w65_d16             |    1 |
| fwft_sfifo_w3_d16              |    1 |
| fwft_afifo_wr68_rd34_d16       |    1 |
| fwft_afifo_wr66_rd132_d512     |    1 |
| fwft_afifo_wr132_rd66_d16      |    1 |
| fwft_afifo_wr130_rd130_d512    |    1 |
| exp_mgt                        |    1 |
| ehdri_index_mem                |    1 |
| dp_ram_byte_w32_d64            |    1 |
| data_mgt                       |    1 |
| core_xbar_5                    |    1 |
| core_xbar_4                    |    1 |
| core_xbar_3                    |    1 |
| core_xbar_2                    |    1 |
| core_xbar_1                    |    1 |
| core_xbar_0                    |    1 |
| core_xadc_wiz_1_0              |    1 |
| core_proc_sys_reset_1_0        |    1 |
| core_power_management_0        |    1 |
| core_pleora_uart_0             |    1 |
| core_oem_uart_0                |    1 |
| core_mig_7series_0_0           |    1 |
| core_microblaze_1_axi_intc_0   |    1 |
| core_microblaze_1_0            |    1 |
| core_mdm_1_0                   |    1 |
| core_lmb_bram_0                |    1 |
| core_ilmb_v10_0                |    1 |
| core_ilmb_bram_if_cntlr_0      |    1 |
| core_fw_uart_0                 |    1 |
| core_fpga_output_uart_0        |    1 |
| core_dlmb_v10_0                |    1 |
| core_dlmb_bram_if_cntlr_0      |    1 |
| core_clk_wiz_1_0               |    1 |
| core_clink_uart_0              |    1 |
| core_axis_dwidth_converter_0_0 |    1 |
| core_axis_clock_converter_4_0  |    1 |
| core_axis_clock_converter_3_0  |    1 |
| core_axis_clock_converter_2_0  |    1 |
| core_axis_clock_converter_1_0  |    1 |
| core_axis_clock_converter_0_0  |    1 |
| core_axi_usb_uart_0            |    1 |
| core_axi_timer_0_0             |    1 |
| core_axi_quad_spi_0_0          |    1 |
| core_axi_ndf_uart_0            |    1 |
| core_axi_lens_uart_0           |    1 |
| core_axi_gps_uart_0            |    1 |
| core_axi_gpio_0_0              |    1 |
| core_axi_dm_buffer_0           |    1 |
| core_axi_datamover_ddrcal_0    |    1 |
| core_auto_us_3                 |    1 |
| core_auto_us_2                 |    1 |
| core_auto_us_1                 |    1 |
| core_auto_us_0                 |    1 |
| core_auto_pc_2                 |    1 |
| core_auto_pc_1                 |    1 |
| core_auto_pc_0                 |    1 |
| core_auto_ds_9                 |    1 |
| core_auto_ds_8                 |    1 |
| core_auto_ds_7                 |    1 |
| core_auto_ds_6                 |    1 |
| core_auto_ds_5                 |    1 |
| core_auto_ds_4                 |    1 |
| core_auto_ds_3                 |    1 |
| core_auto_ds_2                 |    1 |
| core_auto_ds_13                |    1 |
| core_auto_ds_12                |    1 |
| core_auto_ds_11                |    1 |
| core_auto_ds_10                |    1 |
| core_auto_ds_1                 |    1 |
| core_auto_ds_0                 |    1 |
| core_auto_cc_2                 |    1 |
| core_auto_cc_1                 |    1 |
| core_auto_cc_0                 |    1 |
| core_FlashReset_0_0            |    1 |
| core_CAL_DDR_MIG_0             |    1 |
| calib_param_ram                |    1 |
| buffer_table_ram               |    1 |
+--------------------------------+------+


