Active-HDL 9.3.2744.4995  2014-07-11 09:32:54

Elaboration top modules:
Architecture                  rtl(t_axi4_lite32_ram)


-------------------------------------------------------------------------------------------------------
Entity            | Architecture | Library     | Info | Compiler Version         | Compilation Options
-------------------------------------------------------------------------------------------------------
t_axi4_lite32_ram | rtl          | calibration |      | 9.3.2744.4995  (Windows) | -O3
-------------------------------------------------------------------------------------------------------

-------------------------------------------------------------------------------------------------------
VHDL Package                     | Library     | Info | Compiler Version         | Compilation Options
-------------------------------------------------------------------------------------------------------
standard                         | std         |      |                          | 
TEXTIO                           | std         |      | 9.3.2744.4995  (Windows) |  -2008
std_logic_1164                   | ieee        |      | 9.3.2744.4995  (Windows) |  -2008
NUMERIC_STD                      | ieee        |      | 9.3.2744.4995  (Windows) |  -2008
TEL2000                          | calibration |      | 9.3.2744.4995  (Windows) | -O3
-------------------------------------------------------------------------------------------------------

-------------------------------------------------------------------------------------------------------
Library                          | Comment
-------------------------------------------------------------------------------------------------------
calibration                      | None
ieee                             | Standard IEEE packages library
std                              | Standard VHDL library
-------------------------------------------------------------------------------------------------------
